Log file open, 09/14/18 10:03:46
LogWindows: Failed to load 'aqProf.dll' (GetLastError=126)
LogWindows: File 'aqProf.dll' does not exist
LogWindows: Failed to load 'VtuneApi.dll' (GetLastError=126)
LogWindows: File 'VtuneApi.dll' does not exist
LogWindows: Failed to load 'VtuneApi32e.dll' (GetLastError=126)
LogWindows: File 'VtuneApi32e.dll' does not exist
LogInit: Display: Running engine for game: MaidWar
LogPlatformFile: Not using cached read wrapper
LogTaskGraph: Started task graph with 5 named threads and 23 total threads with 3 sets of task threads.
LogStats: Stats thread started at 1.077527
LogD3D11RHI: Loaded GFSDK_Aftermath_Lib.x64.dll
LogICUInternationalization: Display: ICU TimeZone Detection - Raw Offset: +9:00, Platform Override: ''
LogPluginManager: Mounting plugin Paper2D
LogPluginManager: Mounting plugin AISupport
LogPluginManager: Mounting plugin LightPropagationVolume
LogPluginManager: Mounting plugin CLionSourceCodeAccess
LogPluginManager: Mounting plugin CodeLiteSourceCodeAccess
LogPluginManager: Mounting plugin GitSourceControl
LogPluginManager: Mounting plugin KDevelopSourceCodeAccess
LogPluginManager: Mounting plugin NullSourceCodeAccess
LogPluginManager: Mounting plugin PerforceSourceControl
LogPluginManager: Mounting plugin SubversionSourceControl
LogPluginManager: Mounting plugin UObjectPlugin
LogPluginManager: Mounting plugin VisualStudioCodeSourceCodeAccess
LogPluginManager: Mounting plugin VisualStudioSourceCodeAccess
LogPluginManager: Mounting plugin XCodeSourceCodeAccess
LogPluginManager: Mounting plugin AssetManagerEditor
LogPluginManager: Mounting plugin CryptoKeys
LogPluginManager: Mounting plugin DataValidation
LogPluginManager: Mounting plugin FacialAnimation
LogPluginManager: Mounting plugin GameplayTagsEditor
LogPluginManager: Mounting plugin MacGraphicsSwitching
LogPluginManager: Mounting plugin MeshEditor
LogPluginManager: Mounting plugin MobileLauncherProfileWizard
LogPluginManager: Mounting plugin PluginBrowser
LogPluginManager: Mounting plugin SpeedTreeImporter
LogPluginManager: Mounting plugin DatasmithContent
LogPluginManager: Mounting plugin AlembicImporter
LogPluginManager: Mounting plugin AppleImageUtils
LogPluginManager: Mounting plugin AppleVision
LogPluginManager: Mounting plugin BackChannel
LogPluginManager: Mounting plugin CharacterAI
LogPluginManager: Mounting plugin GeometryCache
LogPluginManager: Mounting plugin HTML5Networking
LogPluginManager: Mounting plugin ProxyLODPlugin
LogPluginManager: Mounting plugin MagicLeap
LogPluginManager: Mounting plugin MagicLeapEmulator
LogPluginManager: Mounting plugin MagicLeapMedia
LogPluginManager: Mounting plugin AndroidMedia
LogPluginManager: Mounting plugin AvfMedia
LogPluginManager: Mounting plugin ImgMedia
LogPluginManager: Mounting plugin LinearTimecode
LogPluginManager: Mounting plugin MediaCompositing
LogPluginManager: Mounting plugin MediaPlayerEditor
LogPluginManager: Mounting plugin WmfMedia
LogPluginManager: Mounting plugin TcpMessaging
LogPluginManager: Mounting plugin UdpMessaging
LogPluginManager: Mounting plugin ActorSequence
LogPluginManager: Mounting plugin LevelSequenceEditor
LogPluginManager: Mounting plugin MatineeToLevelSequence
LogPluginManager: Mounting plugin NetcodeUnitTest
LogPluginManager: Mounting plugin NUTUnrealEngine4
LogPluginManager: Mounting plugin OnlineSubsystemGooglePlay
LogPluginManager: Mounting plugin OnlineSubsystemIOS
LogPluginManager: Mounting plugin OnlineSubsystem
LogPluginManager: Mounting plugin OnlineSubsystemNull
LogPluginManager: Mounting plugin OnlineSubsystemUtils
LogPluginManager: Mounting plugin LauncherChunkInstaller
LogPluginManager: Mounting plugin AndroidDeviceProfileSelector
LogPluginManager: Mounting plugin AndroidMoviePlayer
LogPluginManager: Mounting plugin AndroidPermission
LogPluginManager: Mounting plugin AppleMoviePlayer
LogPluginManager: Mounting plugin ArchVisCharacter
LogPluginManager: Mounting plugin AudioCapture
LogPluginManager: Mounting plugin CableComponent
LogPluginManager: Mounting plugin CustomMeshComponent
LogPluginManager: Mounting plugin EditableMesh
LogPluginManager: Mounting plugin ExampleDeviceProfileSelector
LogPluginManager: Mounting plugin GoogleCloudMessaging
LogPluginManager: Mounting plugin ImmediatePhysics
LogPluginManager: Mounting plugin IOSDeviceProfileSelector
LogPluginManager: Mounting plugin LinuxDeviceProfileSelector
LogPluginManager: Mounting plugin LocationServicesBPLibrary
LogPluginManager: Mounting plugin MobilePatchingUtils
LogPluginManager: Mounting plugin OculusVR
LogPluginManager: Plugin shader directory ../../../Engine/Plugins/Runtime/Oculus/OculusVR/Shaders found
LogPluginManager: Mapping shader source directory ../../../Engine/Plugins/Runtime/Oculus/OculusVR/Shaders to virtual directory /Plugin/OculusVR
LogPluginManager: Mounting plugin PhysXVehicles
LogPluginManager: Mounting plugin ProceduralMeshComponent
LogPluginManager: Mounting plugin RuntimePhysXCooking
LogPluginManager: Mounting plugin SteamVR
LogPluginManager: Mounting plugin WindowsMoviePlayer
LogStreaming: Display: Took  0.097s to configure plugins.
LogInit: Using libcurl 7.55.1-DEV
LogInit:  - built for x86_64-pc-win32
LogInit:  - supports SSL with OpenSSL/1.0.2h
LogInit:  - supports HTTP deflate (compression) using libz 1.2.8
LogInit:  - other features:
LogInit:      CURL_VERSION_SSL
LogInit:      CURL_VERSION_LIBZ
LogInit:      CURL_VERSION_IPV6
LogInit:      CURL_VERSION_ASYNCHDNS
LogInit:      CURL_VERSION_LARGEFILE
LogInit:      CURL_VERSION_IDN
LogInit:  CurlRequestOptions (configurable via config and command line):
LogInit:  - bVerifyPeer = false  - Libcurl will NOT verify peer certificate
LogInit:  - bUseHttpProxy = true  - Libcurl will use HTTP proxy
LogInit:  - HttpProxyAddress = '172.18.252.248:8080'
LogInit:  - bDontReuseConnections = false  - Libcurl will reuse connections
LogInit:  - CertBundlePath = nullptr  - Libcurl will use whatever was configured at build time.
LogInit:  - MaxHostConnections = 16  - Libcurl will limit the number of connections to a host
LogInit:  - LocalHostAddr = Default
LogInit:  - BufferSize = 65536
LogInit: WinSock: version 1.1 (2.2), MaxSocks=32767, MaxUdp=65467
LogInit: Build: ++UE4+Release-4.20-CL-4302132
LogInit: Engine Version: 4.20.2-4302132+++UE4+Release-4.20
LogInit: Compatible Engine Version: 4.20.0-4212847+++UE4+Release-4.20
LogInit: Net CL: 4212847
LogInit: OS: Windows 10 (), CPU: Intel(R) Core(TM) i7-6700 CPU @ 3.40GHz, GPU: NVIDIA GeForce GTX 1060 6GB
LogInit: Compiled (64-bit): Aug 21 2018 02:06:06
LogInit: Compiled with Visual C++: 19.13.26129.00
LogInit: Build Configuration: Development
LogInit: Branch Name: ++UE4+Release-4.20
LogInit: Command Line:  
LogInit: Base Directory: C:/Program Files/Epic Games/UE_4.20/Engine/Binaries/Win64/
LogInit: Installed Engine Build: 1
LogDevObjectVersion: Number of dev versions registered: 20
LogDevObjectVersion:   Dev-Blueprints (B0D832E4-1F89-4F0D-ACCF-7EB736FD4AA2): 10
LogDevObjectVersion:   Dev-Build (E1C64328-A22C-4D53-A36C-8E866417BD8C): 0
LogDevObjectVersion:   Dev-Core (375EC13C-06E4-48FB-B500-84F0262A717E): 2
LogDevObjectVersion:   Dev-Editor (E4B068ED-F494-42E9-A231-DA0B2E46BB41): 24
LogDevObjectVersion:   Dev-Framework (CFFC743F-43B0-4480-9391-14DF171D2073): 34
LogDevObjectVersion:   Dev-Mobile (B02B49B5-BB20-44E9-A304-32B752E40360): 2
LogDevObjectVersion:   Dev-Networking (A4E4105C-59A1-49B5-A7C5-40C4547EDFEE): 0
LogDevObjectVersion:   Dev-Online (39C831C9-5AE6-47DC-9A44-9C173E1C8E7C): 0
LogDevObjectVersion:   Dev-Physics (78F01B33-EBEA-4F98-B9B4-84EACCB95AA2): 0
LogDevObjectVersion:   Dev-Platform (6631380F-2D4D-43E0-8009-CF276956A95A): 0
LogDevObjectVersion:   Dev-Rendering (12F88B9F-8875-4AFC-A67C-D90C383ABD29): 26
LogDevObjectVersion:   Dev-Sequencer (7B5AE74C-D270-4C10-A958-57980B212A5A): 9
LogDevObjectVersion:   Dev-VR (D7296918-1DD6-4BDD-9DE2-64A83CC13884): 2
LogDevObjectVersion:   Dev-LoadTimes (C2A15278-BFE7-4AFE-6C17-90FF531DF755): 1
LogDevObjectVersion:   Private-Geometry (6EACA3D4-40EC-4CC1-B786-8BED09428FC5): 3
LogDevObjectVersion:   Dev-AnimPhys (29E575DD-E0A3-4627-9D10-D276232CDCEA): 17
LogDevObjectVersion:   Dev-ReflectionCapture (6B266CEC-1EC7-4B8F-A30B-E4D90942FC07): 1
LogDevObjectVersion:   Dev-Automation (0DF73D61-A23F-47EA-B727-89E90C41499A): 1
LogDevObjectVersion:   FortniteMain (601D1886-AC64-4F84-AA16-D3DE0DEAC7D6): 12
LogDevObjectVersion:   Dev-Enterprise (9DFFBCD6-494F-0158-E221-12823C92A888): 1
LogStreaming: Display: Took  0.000s to delete old logs.
LogInit: Presizing for max 8388607 objects, including 0 objects not considered by GC, pre-allocating 0 bytes for permanent pool.
LogInit: Object subsystem initialized
[2018.09.14-01.03.47:182][  0]LogInit: Selected Device Profile: [Windows]
[2018.09.14-01.03.47:182][  0]LogInit: Applying CVar settings loaded from the selected device profile: [Windows]
[2018.09.14-01.03.47:218][  0]LogHAL: Display: Platform has ~ 8 GB [8430931968 / 8589934592 / 8], which maps to Default [LargestMinGB=32, LargerMinGB=12, DefaultMinGB=8, SmallerMinGB=6, SmallestMinGB=0)
[2018.09.14-01.03.47:218][  0]LogInit: Setting Device Profile CVar: [[r.Vulkan.UseRealUBs:1]]
[2018.09.14-01.03.47:219][  0]LogInit: Going up to parent DeviceProfile []
[2018.09.14-01.03.47:226][  0]LogInit: Computer: DESKTOP-OA538MI
[2018.09.14-01.03.47:226][  0]LogInit: User: 136i7670002
[2018.09.14-01.03.47:226][  0]LogInit: CPU Page size=4096, Cores=4
[2018.09.14-01.03.47:226][  0]LogInit: High frequency timer resolution =3.328133 MHz
[2018.09.14-01.03.47:226][  0]LogMemory: Memory total: Physical=7.9GB (8GB approx)
[2018.09.14-01.03.47:226][  0]LogMemory: Platform Memory Stats for Windows
[2018.09.14-01.03.47:226][  0]LogMemory: Process Physical Memory: 102.12 MB used, 102.12 MB peak
[2018.09.14-01.03.47:226][  0]LogMemory: Process Virtual Memory: 89.33 MB used, 89.33 MB peak
[2018.09.14-01.03.47:226][  0]LogMemory: Physical Memory: 4198.35 MB used,  3842.01 MB free, 8040.36 MB total
[2018.09.14-01.03.47:226][  0]LogMemory: Virtual Memory: 545.98 MB used,  3842.01 MB free, 134217728.00 MB total
[2018.09.14-01.03.47:562][  0]LogInit: Using OS detected language (ja-JP).
[2018.09.14-01.03.47:562][  0]LogInit: Using OS detected locale (ja-JP).
[2018.09.14-01.03.47:566][  0]LogTextLocalizationManager: No specific localization for 'ja-JP' exists, so the 'ja' localization will be used.
[2018.09.14-01.03.48:001][  0]LogStreaming: Display: Took  0.439s to InitEngineTextLocalization.
[2018.09.14-01.03.48:002][  0]LogInit: Setting process to per monitor DPI aware
[2018.09.14-01.03.48:121][  0]LogSlate: New Slate User Created.  User Index 0, Is Virtual User: 0
[2018.09.14-01.03.48:122][  0]LogSlate: Slate User Registered.  User Index 0, Is Virtual User: 0
[2018.09.14-01.03.50:306][  0]LogHMD: Failed to initialize OpenVR with code 110
[2018.09.14-01.03.50:306][  0]LogD3D11RHI: D3D11 adapters:
[2018.09.14-01.03.50:315][  0]LogD3D11RHI:    0. 'Intel(R) HD Graphics 530' (Feature Level 11_0)
[2018.09.14-01.03.50:315][  0]LogD3D11RHI:       128/0/4020 MB DedicatedVideo/DedicatedSystem/SharedSystem, Outputs:1, VendorId:0x8086
[2018.09.14-01.03.50:353][  0]LogD3D11RHI:    1. 'NVIDIA GeForce GTX 1060 6GB' (Feature Level 11_0)
[2018.09.14-01.03.50:353][  0]LogD3D11RHI:       6046/0/4020 MB DedicatedVideo/DedicatedSystem/SharedSystem, Outputs:1, VendorId:0x10de
[2018.09.14-01.03.50:355][  0]LogD3D11RHI:    2. 'Microsoft Basic Render Driver' (Feature Level 11_0)
[2018.09.14-01.03.50:355][  0]LogD3D11RHI:       0/0/4020 MB DedicatedVideo/DedicatedSystem/SharedSystem, Outputs:0, VendorId:0x1414
[2018.09.14-01.03.50:355][  0]LogD3D11RHI: Chosen D3D11 Adapter: 1
[2018.09.14-01.03.50:361][  0]LogD3D11RHI: Creating new Direct3DDevice
[2018.09.14-01.03.50:361][  0]LogD3D11RHI:     GPU DeviceId: 0x1c03 (for the marketing name, search the web for "GPU Device Id")
[2018.09.14-01.03.50:361][  0]LogWindows: EnumDisplayDevices:
[2018.09.14-01.03.50:362][  0]LogWindows:    0. 'NVIDIA GeForce GTX 1060 6GB' (P:0 D:1)
[2018.09.14-01.03.50:362][  0]LogWindows:    1. 'NVIDIA GeForce GTX 1060 6GB' (P:0 D:0)
[2018.09.14-01.03.50:362][  0]LogWindows:    2. 'NVIDIA GeForce GTX 1060 6GB' (P:0 D:0)
[2018.09.14-01.03.50:362][  0]LogWindows:    3. 'NVIDIA GeForce GTX 1060 6GB' (P:0 D:0)
[2018.09.14-01.03.50:362][  0]LogWindows:    4. 'Intel(R) HD Graphics 530' (P:1 D:1)
[2018.09.14-01.03.50:362][  0]LogWindows:    5. 'Intel(R) HD Graphics 530' (P:0 D:0)
[2018.09.14-01.03.50:362][  0]LogWindows:    6. 'Intel(R) HD Graphics 530' (P:0 D:0)
[2018.09.14-01.03.50:362][  0]LogWindows: DebugString: PrimaryIsNotTheChoosenAdapter PrimaryIsNotTheChoosenAdapter PrimaryIsNotTheChoosenAdapter FoundDriverCount:4 
[2018.09.14-01.03.50:362][  0]LogD3D11RHI:     Adapter Name: NVIDIA GeForce GTX 1060 6GB
[2018.09.14-01.03.50:363][  0]LogD3D11RHI:   Driver Version: 384.76 (internal:22.21.13.8476, unified:384.76)
[2018.09.14-01.03.50:363][  0]LogD3D11RHI:      Driver Date: 6-27-2017
[2018.09.14-01.03.50:363][  0]LogRHI: Texture pool is 4232 MB (70% of 6046 MB)
[2018.09.14-01.03.50:385][  0]LogD3D11RHI: Async texture creation enabled
[2018.09.14-01.03.50:415][  0]LogD3D11RHI: GPU Timing Frequency: 1000.000000 (Debug: 2 1)
[2018.09.14-01.03.50:422][  0]LogShaderCompilers: Guid format shader working directory is -18 characters bigger than the processId version (../../../../../../Users/136-i7_6700-02/Documents/Unreal Projects/MaidWars/Intermediate/Shaders/WorkingDirectory/6760/).
[2018.09.14-01.03.50:422][  0]LogShaderCompilers: Cleaned the shader compiler working directory 'C:/Users/136-i7_6700-02/AppData/Local/Temp/UnrealShaderWorkingDir/49160C824B80647A4E4B379DC133671D/'.
[2018.09.14-01.03.50:898][  0]LogTemp: Display: Loaded TP AllDesktopTargetPlatform
[2018.09.14-01.03.50:917][  0]LogTemp: Display: Loaded TP MacClientTargetPlatform
[2018.09.14-01.03.50:937][  0]LogTemp: Display: Loaded TP MacNoEditorTargetPlatform
[2018.09.14-01.03.50:958][  0]LogTemp: Display: Loaded TP MacServerTargetPlatform
[2018.09.14-01.03.50:997][  0]LogTemp: Display: Loaded TP MacTargetPlatform
[2018.09.14-01.03.51:033][  0]LogTemp: Display: Loaded TP WindowsClientTargetPlatform
[2018.09.14-01.03.51:056][  0]LogTemp: Display: Loaded TP WindowsNoEditorTargetPlatform
[2018.09.14-01.03.51:081][  0]LogTemp: Display: Loaded TP WindowsServerTargetPlatform
[2018.09.14-01.03.51:098][  0]LogTemp: Display: Loaded TP WindowsTargetPlatform
[2018.09.14-01.03.51:199][  0]LogTemp: Display: Loaded TP AndroidTargetPlatform
[2018.09.14-01.03.51:200][  0]LogTemp: Display: Loaded TP AndroidTargetPlatform
[2018.09.14-01.03.51:200][  0]LogTemp: Display: Loaded TP AndroidTargetPlatform
[2018.09.14-01.03.51:200][  0]LogTemp: Display: Loaded TP AndroidTargetPlatform
[2018.09.14-01.03.51:200][  0]LogTemp: Display: Loaded TP AndroidTargetPlatform
[2018.09.14-01.03.51:200][  0]LogTemp: Display: Loaded TP AndroidTargetPlatform
[2018.09.14-01.03.51:200][  0]LogTemp: Display: Loaded TP AndroidTargetPlatform
[2018.09.14-01.03.51:200][  0]LogTemp: Display: Loaded TP AndroidTargetPlatform
[2018.09.14-01.03.51:200][  0]LogTemp: Display: Loaded TP AndroidTargetPlatform
[2018.09.14-01.03.51:200][  0]LogTemp: Display: Loaded TP AndroidTargetPlatform
[2018.09.14-01.03.51:200][  0]LogTemp: Display: Loaded TP AndroidTargetPlatform
[2018.09.14-01.03.51:200][  0]LogTemp: Display: Loaded TP AndroidTargetPlatform
[2018.09.14-01.03.51:200][  0]LogTemp: Display: Loaded TP AndroidTargetPlatform
[2018.09.14-01.03.51:200][  0]LogTemp: Display: Loaded TP AndroidTargetPlatform
[2018.09.14-01.03.51:200][  0]LogTemp: Display: Loaded TP AndroidTargetPlatform
[2018.09.14-01.03.51:200][  0]LogTemp: Display: Loaded TP AndroidTargetPlatform
[2018.09.14-01.03.51:200][  0]LogTemp: Display: Loaded TP AndroidTargetPlatform
[2018.09.14-01.03.51:200][  0]LogTemp: Display: Loaded TP AndroidTargetPlatform
[2018.09.14-01.03.51:209][  0]LogTemp: Display: Loaded TP HTML5TargetPlatform
[2018.09.14-01.03.51:300][  0]LogTemp: Display: Loaded TP IOSTargetPlatform
[2018.09.14-01.03.51:300][  0]LogTemp: Display: Loaded TP IOSTargetPlatform
[2018.09.14-01.03.51:331][  0]LogTemp: Display: Loaded TP TVOSTargetPlatform
[2018.09.14-01.03.51:331][  0]LogTemp: Display: Loaded TP TVOSTargetPlatform
[2018.09.14-01.03.51:359][  0]LogTemp: Display: Loaded TP LinuxClientTargetPlatform
[2018.09.14-01.03.51:381][  0]LogTemp: Display: Loaded TP LinuxNoEditorTargetPlatform
[2018.09.14-01.03.51:406][  0]LogTemp: Display: Loaded TP LinuxServerTargetPlatform
[2018.09.14-01.03.51:431][  0]LogTemp: Display: Loaded TP LinuxTargetPlatform
[2018.09.14-01.03.51:447][  0]LogTemp: Display: Loaded TP LuminTargetPlatform
[2018.09.14-01.03.51:447][  0]LogTargetPlatformManager: Display: Building Assets For Windows
[2018.09.14-01.03.51:985][  0]LogXGEController: Cleaning working directory: C:/Users/136-i7_6700-02/AppData/Local/Temp/UnrealXGEWorkingDir/
[2018.09.14-01.03.51:986][  0]LogXGEController: Cannot use XGE Controller as Incredibuild is not installed on this machine.
[2018.09.14-01.03.51:986][  0]LogShaderCompilers: Cannot use XGE Shader Compiler as Incredibuild is not installed on this machine.
[2018.09.14-01.03.51:986][  0]LogShaderCompilers: Display: Using Local Shader Compiler.
[2018.09.14-01.03.53:654][  0]LogDerivedDataCache: Display: Max Cache Size: 512 MB
[2018.09.14-01.03.54:101][  0]LogDerivedDataCache: Loaded boot cache 0.45s 71MB C:/Users/136-i7_6700-02/AppData/Local/UnrealEngine/4.20/DerivedDataCache/Boot.ddc.
[2018.09.14-01.03.54:102][  0]LogDerivedDataCache: Display: Loaded Boot cache: C:/Users/136-i7_6700-02/AppData/Local/UnrealEngine/4.20/DerivedDataCache/Boot.ddc
[2018.09.14-01.03.54:102][  0]LogDerivedDataCache: FDerivedDataBackendGraph:  Pak pak cache file ../../../../../../Users/136-i7_6700-02/Documents/Unreal Projects/MaidWars/DerivedDataCache/DDC.ddp not found, will not use a pak cache.
[2018.09.14-01.03.54:102][  0]LogDerivedDataCache: Unable to find inner node Pak for hierarchical cache Hierarchy.
[2018.09.14-01.03.54:102][  0]LogDerivedDataCache: FDerivedDataBackendGraph:  CompressedPak pak cache file ../../../../../../Users/136-i7_6700-02/Documents/Unreal Projects/MaidWars/DerivedDataCache/Compressed.ddp not found, will not use a pak cache.
[2018.09.14-01.03.54:102][  0]LogDerivedDataCache: Unable to find inner node CompressedPak for hierarchical cache Hierarchy.
[2018.09.14-01.03.54:164][  0]LogDerivedDataCache: Display: Pak cache opened for reading ../../../Engine/DerivedDataCache/Compressed.ddp.
[2018.09.14-01.03.54:177][  0]LogDerivedDataCache: Using Local data cache path C:/Users/136-i7_6700-02/AppData/Local/UnrealEngine/Common/DerivedDataCache: Writable
[2018.09.14-01.03.54:177][  0]LogDerivedDataCache: Shared data cache path not found in *engine.ini, will not use an Shared cache.
[2018.09.14-01.03.54:177][  0]LogDerivedDataCache: Unable to find inner node Shared for hierarchical cache Hierarchy.
[2018.09.14-01.03.54:205][  0]LogMaterial: Verifying Global Shaders for PCD3D_SM5
[2018.09.14-01.03.54:213][  0]LogSlate: Using FreeType 2.6.0
[2018.09.14-01.03.54:227][  0]LogSlate: SlateFontServices - WITH_FREETYPE: 1, WITH_HARFBUZZ: 1
[2018.09.14-01.03.54:657][  0]LogAssetRegistry: FAssetRegistry took 0.0305 seconds to start up
[2018.09.14-01.03.55:189][  0]LogInit: Selected Device Profile: [Windows]
[2018.09.14-01.03.55:703][  0]LogSimplygon: Simplygon DLL not present - disabling.
[2018.09.14-01.03.55:743][  0]LogMeshReduction: Using SimplygonSwarm for distributed automatic mesh merging
[2018.09.14-01.03.55:743][  0]LogMeshReduction: Using ProxyLODMeshReduction for automatic mesh merging
[2018.09.14-01.03.55:745][  0]LogMeshReduction: Using QuadricMeshReduction for automatic static mesh reduction
[2018.09.14-01.03.55:745][  0]LogMeshReduction: No automatic skeletal mesh reduction module available
[2018.09.14-01.03.55:800][  0]LogNetVersion: MaidWar 1.0.0, NetCL: 4212847, EngineNetVer: 5, GameNetVer: 0 (Checksum: 1061994905)
[2018.09.14-01.03.57:602][  0]LogPackageLocalizationCache: Processed 11 localized package path(s) for 2 prioritized culture(s) in 0.116205 seconds
[2018.09.14-01.03.57:610][  0]LogUObjectArray: 38425 objects as part of root set at end of initial load.
[2018.09.14-01.03.57:610][  0]LogUObjectAllocator: 6690864 out of 0 bytes used by permanent object pool.
[2018.09.14-01.03.57:610][  0]LogUObjectArray: CloseDisregardForGC: 0/0 objects in disregard for GC pool
[2018.09.14-01.04.01:591][  0]LogTcpMessaging: Initializing TcpMessaging bridge
[2018.09.14-01.04.01:616][  0]LogUdpMessaging: Initializing bridge on interface 0.0.0.0:0 to multicast group 230.0.0.1:6666.
[2018.09.14-01.04.02:225][  0]SourceControl: ソースコントロールは無効です
[2018.09.14-01.04.02:225][  0]SourceControl: ソースコントロールは無効です
[2018.09.14-01.04.02:249][  0]SourceControl: ソースコントロールは無効です
[2018.09.14-01.04.02:270][  0]SourceControl: ソースコントロールは無効です
[2018.09.14-01.04.03:001][  0]LogAndroidPermission: UAndroidPermissionCallbackProxy::GetInstance
[2018.09.14-01.04.03:136][  0]LogOcInput: OculusInput pre-init called
[2018.09.14-01.04.03:337][  0]LogEngine: Initializing Engine...
[2018.09.14-01.04.03:339][  0]LogHMD: Failed to initialize OpenVR with code 110
[2018.09.14-01.04.03:345][  0]LogStats: UGameplayTagsManager::ConstructGameplayTagTree: ImportINI prefixes -  0.003 s
[2018.09.14-01.04.03:346][  0]LogStats: UGameplayTagsManager::ConstructGameplayTagTree: Construct from data asset -  0.000 s
[2018.09.14-01.04.03:346][  0]LogStats: UGameplayTagsManager::ConstructGameplayTagTree: ImportINI -  0.000 s
[2018.09.14-01.04.03:346][  0]LogStats: UGameplayTagsManager::ConstructGameplayTagTree: GameplayTagTreeChangedEvent.Broadcast -  0.001 s
[2018.09.14-01.04.03:715][  0]LogInit: Initializing FReadOnlyCVARCache
[2018.09.14-01.04.03:792][  0]LogAIModule: Creating AISystem for world Untitled
[2018.09.14-01.04.03:841][  0]LogInit: XAudio2 using 'ASUS PB279 (インテル(R) ディスプレイ用オーディオ)' : 2 channels at 48 kHz using 16 bits per sample (channel mask 0x3)
[2018.09.14-01.04.03:877][  0]LogInit: FAudioDevice initialized.
[2018.09.14-01.04.03:877][  0]LogNetVersion: Set ProjectVersion to 1.0.0.0. Version Checksum will be recalculated on next use.
[2018.09.14-01.04.04:437][  0]LogDerivedDataCache: Saved boot cache 0.56s 71MB C:/Users/136-i7_6700-02/AppData/Local/UnrealEngine/4.20/DerivedDataCache/Boot.ddc.
[2018.09.14-01.04.04:447][  0]LogInit: Texture streaming: Enabled
[2018.09.14-01.04.04:612][  0]LogEngineSessionManager: EngineSessionManager initialized
[2018.09.14-01.04.04:612][  0]LogEngineSessionManager: EngineSessionManager sent abnormal shutdown report. Type=AbnormalShutdown, SessionId={3808ACC0-4F5D-0BAA-45F9-449F85D2148B}
[2018.09.14-01.04.04:654][  0]LogInit: Transaction tracking system initialized
[2018.09.14-01.04.04:763][  0]BlueprintLog: New page: エディタの読み込み
[2018.09.14-01.04.05:178][  0]LocalizationService: ローカライズのサービスが無効になりました
[2018.09.14-01.04.06:027][  0]LogCook: Display: Max memory allowance for cook 16384mb min free memory 0mb
[2018.09.14-01.04.06:027][  0]LogCook: Display: Mobile HDR setting 1
[2018.09.14-01.04.06:028][  0]LogGameplayTags: Display: UGameplayTagsManager::DoneAddingNativeTags. DelegateIsBound: 0
[2018.09.14-01.04.06:028][  0]LogStats: UGameplayTagsManager::ConstructGameplayTagTree: ImportINI prefixes -  0.000 s
[2018.09.14-01.04.06:028][  0]LogStats: UGameplayTagsManager::ConstructGameplayTagTree: Construct from data asset -  0.000 s
[2018.09.14-01.04.06:028][  0]LogStats: UGameplayTagsManager::ConstructGameplayTagTree: ImportINI -  0.000 s
[2018.09.14-01.04.06:028][  0]LogStats: UGameplayTagsManager::ConstructGameplayTagTree: GameplayTagTreeChangedEvent.Broadcast -  0.000 s
[2018.09.14-01.04.06:656][  0]LogFileCache: Scanning file cache for directory 'C:/Users/136-i7_6700-02/Documents/Unreal Projects/MaidWars/Content/' took 0.01s
[2018.09.14-01.04.06:656][  0]SourceControl: ソースコントロールは無効です
[2018.09.14-01.04.06:657][  0]Cmd: MAP LOAD FILE="../../../../../../Users/136-i7_6700-02/Documents/Unreal Projects/MaidWars/Content/ThirdPersonBP/Maps/ThirdPersonExampleMap.umap" TEMPLATE=0 SHOWPROGRESS=1 FEATURELEVEL=3
[2018.09.14-01.04.06:664][  0]LightingResults: New page: ライティングのビルド
[2018.09.14-01.04.06:675][  0]MapCheck: New page: マップをチェック
[2018.09.14-01.04.06:675][  0]LightingResults: New page: <何も選択されていません>
[2018.09.14-01.04.07:576][  0]LogAIModule: Creating AISystem for world ThirdPersonExampleMap
[2018.09.14-01.04.07:615][  0]LogEditorServer: Finished looking for orphan Actors (0.000 secs)
[2018.09.14-01.04.07:646][  0]Cmd: MAP CHECKDEP NOCLEARLOG
[2018.09.14-01.04.07:695][  0]MapCheck: マップチェックが完了: 0 エラー、 0 警告、完了に 49.249ミリ秒かかりました。
[2018.09.14-01.04.07:695][  0]LogFileHelpers: Loading map 'ThirdPersonExampleMap' took 1.039
[2018.09.14-01.04.07:913][  0]LogSlate: Updating window title bar state: overlay mode, drag disabled, window buttons hidden, title bar hidden
[2018.09.14-01.04.07:921][  0]LogSlate: Updating window title bar state: overlay mode, drag disabled, window buttons hidden, title bar hidden
[2018.09.14-01.04.07:928][  0]LogSlate: Updating window title bar state: overlay mode, drag disabled, window buttons hidden, title bar hidden
[2018.09.14-01.04.07:934][  0]LogSlate: Updating window title bar state: overlay mode, drag disabled, window buttons hidden, title bar hidden
[2018.09.14-01.04.07:955][  0]LogCollectionManager: Loaded 0 collections in 0.001297 seconds
[2018.09.14-01.04.08:005][  0]LogFileCache: Scanning file cache for directory 'C:/Users/136-i7_6700-02/Documents/Unreal Projects/MaidWars/Saved/Collections/' took 0.01s
[2018.09.14-01.04.08:005][  0]LogFileCache: Scanning file cache for directory 'C:/Users/136-i7_6700-02/Documents/Unreal Projects/MaidWars/Content/Developers/136i7670002/Collections/' took 0.01s
[2018.09.14-01.04.08:005][  0]LogFileCache: Scanning file cache for directory 'C:/Users/136-i7_6700-02/Documents/Unreal Projects/MaidWars/Content/Collections/' took 0.01s
[2018.09.14-01.04.08:005][  0]LogCollectionManager: Rebuilt the GUID cache for 0 collections in 0.000000 seconds
[2018.09.14-01.04.08:012][  0]LogContentBrowser: Native class hierarchy populated in 0.0076 seconds. Added 2572 classes and 603 folders.
[2018.09.14-01.04.08:020][  0]LogContentBrowser: Native class hierarchy updated for 'WidgetCarousel' in 0.0002 seconds. Added 0 classes and 0 folders.
[2018.09.14-01.04.08:425][  0]LogContentBrowser: Native class hierarchy updated for 'AddContentDialog' in 0.0002 seconds. Added 0 classes and 0 folders.
[2018.09.14-01.04.08:441][  0]LogContentBrowser: Native class hierarchy updated for 'SceneOutliner' in 0.0002 seconds. Added 1 classes and 2 folders.
[2018.09.14-01.04.09:773][  0]LogSlate: Only BGRA pngs, bmps or icos are supported in by External Image Picker
[2018.09.14-01.04.09:813][  0]LogTemp: Executing iPhonePackager certificates Engine -bundlename com.YourCompany.MaidWar
[2018.09.14-01.04.09:813][  0]LogTemp: CWD: C:\Program Files\Epic Games\UE_4.20\Engine\Binaries\DotNET\IOS
[2018.09.14-01.04.09:813][  0]LogTemp: Initial Dir: C:\Program Files\Epic Games\UE_4.20
[2018.09.14-01.04.09:813][  0]LogTemp: Env CWD: C:\Program Files\Epic Games\UE_4.20\Engine\Binaries\DotNET\IOS
[2018.09.14-01.04.09:813][  0]LogTemp: BranchPath = DESKTOP-OA538MI/C/Program Files/Epic Games/UE_4.20/Engine/Binaries --- GameBranchPath = DESKTOP-OA538MI/C/Program Files/Epic Games/UE_4.20/Engine/Binaries
[2018.09.14-01.04.09:813][  0]LogTemp: IPP ERROR: Could not find provision directory 'C:\Users\136-i7_6700-02\AppData\Local/Apple Computer/MobileDevice/Provisioning Profiles/'.
[2018.09.14-01.04.09:813][  0]LogSlate: Took 0.010463 seconds to synchronously load lazily loaded font '../../../Engine/Content/Slate/Fonts/Roboto-Regular.ttf' (155K)
[2018.09.14-01.04.09:822][  0]LogSlate: Took 0.006679 seconds to synchronously load lazily loaded font '../../../Engine/Content/Editor/Slate/Fonts/GenEiGothicPro-Regular.otf' (707K)
[2018.09.14-01.04.09:829][  0]LogSlate: Took 0.006584 seconds to synchronously load lazily loaded font '../../../Engine/Content/Editor/Slate/Fonts/GenEiGothicPro-Bold.otf' (698K)
[2018.09.14-01.04.09:833][  0]LogSlate: Took 0.004059 seconds to synchronously load lazily loaded font '../../../Engine/Content/Slate/Fonts/Roboto-Bold.ttf' (160K)
[2018.09.14-01.04.09:842][  0]LogSlate: Took 0.004970 seconds to synchronously load lazily loaded font '../../../Engine/Content/Editor/Slate/Fonts/FontAwesome.ttf' (139K)
[2018.09.14-01.04.10:001][  0]LogRenderer: Reallocating scene render targets to support 1120x580 Format 10 NumSamples 1 (Frame:1).
[2018.09.14-01.04.10:196][  0]LogContentBrowser: Native class hierarchy updated for 'HierarchicalLODOutliner' in 0.0002 seconds. Added 0 classes and 0 folders.
[2018.09.14-01.04.10:196][  0]LogLoad: (Engine Initialization) Total time: 30.93 seconds
[2018.09.14-01.04.10:196][  0]LogLoad: (Engine Initialization) Total Blueprint compile time: 0.00 seconds
[2018.09.14-01.04.10:239][  0]LogContentStreaming: Texture pool size now 1000 MB
[2018.09.14-01.04.10:281][  1]LogAssetRegistry: Asset discovery search completed in 15.6471 seconds
[2018.09.14-01.04.10:283][  1]LogCollectionManager: Rebuilt the object cache for 0 collections in 0.000000 seconds (found 0 objects)
[2018.09.14-01.04.10:283][  1]LogCollectionManager: Fixed up redirectors for 0 collections in 0.000050 seconds (updated 0 objects)
[2018.09.14-01.04.11:234][ 94]LogSlate: Took 0.008181 seconds to synchronously load lazily loaded font '../../../Engine/Content/Editor/Slate/Fonts/GenEiGothicPro-Light.otf' (713K)
[2018.09.14-01.04.11:240][ 94]LogSlate: Took 0.005708 seconds to synchronously load lazily loaded font '../../../Engine/Content/Slate/Fonts/Roboto-Light.ttf' (167K)
[2018.09.14-01.04.13:996][412]LogSlate: FSceneViewport::OnFocusLost() reason 0
[2018.09.14-01.04.14:129][427]LogSlate: Took 0.000122 seconds to synchronously load lazily loaded font '../../../Engine/Content/Slate/Fonts/Roboto-Light.ttf' (167K)
[2018.09.14-01.04.20:441][123]LogAssetEditorManager: Opening Asset editor for AnimSequence /Game/Character/DebugMan/Animation/DebugMan_DashAttack_0.DebugMan_DashAttack_0
[2018.09.14-01.04.20:590][123]LogContentBrowser: Native class hierarchy updated for 'SkeletonEditor' in 0.0002 seconds. Added 1 classes and 2 folders.
[2018.09.14-01.04.20:895][123]LogActorComponent: RegisterComponentWithWorld: (/Engine/Transient.World_1:PersistentLevel.AnimationEditorPreviewActor_0.DebugSkelMeshComponent_0) Already registered. Aborting.
[2018.09.14-01.04.20:899][123]LogContentBrowser: Native class hierarchy updated for 'PinnedCommandList' in 0.0002 seconds. Added 1 classes and 0 folders.
[2018.09.14-01.04.21:417][123]LogContentBrowser: Native class hierarchy updated for 'ClothingSystemEditorInterface' in 0.0004 seconds. Added 1 classes and 0 folders.
[2018.09.14-01.04.21:423][123]LogRenderer: Reallocating scene render targets to support 1144x580 Format 10 NumSamples 1 (Frame:1).
[2018.09.14-01.04.21:423][123]LogContentBrowser: Verbose: The majority of assets in the view are of type: AnimSequence
[2018.09.14-01.04.23:630][286]LogSlate: Window 'DebugMan_DashAttack_0' being destroyed
[2018.09.14-01.04.48:695][ 31]LogSavePackage: Moving '../../../../../../Users/136-i7_6700-02/Documents/Unreal Projects/MaidWars/Saved/T_Blade_ChickenBlade2_N731923304E0BDC7F6EECABB324799EA1.tmp' to '../../../../../../Users/136-i7_6700-02/Documents/Unreal Projects/MaidWars/Content/Weapons/Weapons/Blade/T_Blade_ChickenBlade2_N.uasset'
[2018.09.14-01.04.48:742][ 31]LogSavePackage: Moving '../../../../../../Users/136-i7_6700-02/Documents/Unreal Projects/MaidWars/Saved/M_Blade_ChickenBlade3398801E4DF03843EB2B8FA261D5434B.tmp' to '../../../../../../Users/136-i7_6700-02/Documents/Unreal Projects/MaidWars/Content/Weapons/Weapons/Blade/M_Blade_ChickenBlade.uasset'
[2018.09.14-01.04.48:782][ 31]LogSavePackage: Moving '../../../../../../Users/136-i7_6700-02/Documents/Unreal Projects/MaidWars/Saved/SK_Blade_ChickenBladeA2DA5C9C422B75A179E6BB8B548BC39C.tmp' to '../../../../../../Users/136-i7_6700-02/Documents/Unreal Projects/MaidWars/Content/Weapons/Weapons/Blade/SK_Blade_ChickenBlade.uasset'
[2018.09.14-01.04.48:800][ 31]LogSavePackage: Moving '../../../../../../Users/136-i7_6700-02/Documents/Unreal Projects/MaidWars/Saved/SK_Blade_ChickenBlade_SkeletonD1279DBC4D43018EBD83A4BC4C6B4D71.tmp' to '../../../../../../Users/136-i7_6700-02/Documents/Unreal Projects/MaidWars/Content/Weapons/Weapons/Blade/SK_Blade_ChickenBlade_Skeleton.uasset'
[2018.09.14-01.04.48:843][ 31]LogSavePackage: Moving '../../../../../../Users/136-i7_6700-02/Documents/Unreal Projects/MaidWars/Saved/T_Blade_ChickenBlade1_D036F06874833E421D703DFB9775F8621.tmp' to '../../../../../../Users/136-i7_6700-02/Documents/Unreal Projects/MaidWars/Content/Weapons/Weapons/Blade/T_Blade_ChickenBlade1_D.uasset'
[2018.09.14-01.04.48:881][ 31]LogSavePackage: Moving '../../../../../../Users/136-i7_6700-02/Documents/Unreal Projects/MaidWars/Saved/T_Blade_ChickenBlade1_NCD9E5F304D5935B68B9BD8BD14178BDF.tmp' to '../../../../../../Users/136-i7_6700-02/Documents/Unreal Projects/MaidWars/Content/Weapons/Weapons/Blade/T_Blade_ChickenBlade1_N.uasset'
[2018.09.14-01.04.48:919][ 31]LogSavePackage: Moving '../../../../../../Users/136-i7_6700-02/Documents/Unreal Projects/MaidWars/Saved/T_Blade_ChickenBlade2_D422438114EB4D6B43C8607BF1107C9AA.tmp' to '../../../../../../Users/136-i7_6700-02/Documents/Unreal Projects/MaidWars/Content/Weapons/Weapons/Blade/T_Blade_ChickenBlade2_D.uasset'
[2018.09.14-01.05.06:947][979]LogSavePackage: Moving '../../../../../../Users/136-i7_6700-02/Documents/Unreal Projects/MaidWars/Saved/SK_Blade_ChickenBladeD79BE922410994752CB328A0E71B4BE1.tmp' to '../../../../../../Users/136-i7_6700-02/Documents/Unreal Projects/MaidWars/Content/Weapons/Blade/SK_Blade_ChickenBlade.uasset'
[2018.09.14-01.05.06:961][979]LogSavePackage: Moving '../../../../../../Users/136-i7_6700-02/Documents/Unreal Projects/MaidWars/Saved/SK_Blade_ChickenBlade_SkeletonC68BFD6F453D7791E5B59EAD3991BDE3.tmp' to '../../../../../../Users/136-i7_6700-02/Documents/Unreal Projects/MaidWars/Content/Weapons/Blade/SK_Blade_ChickenBlade_Skeleton.uasset'
[2018.09.14-01.05.07:001][979]LogSavePackage: Moving '../../../../../../Users/136-i7_6700-02/Documents/Unreal Projects/MaidWars/Saved/M_Blade_ChickenBlade737ECF1746C18A61B5C4CD9D53E78553.tmp' to '../../../../../../Users/136-i7_6700-02/Documents/Unreal Projects/MaidWars/Content/Weapons/Blade/M_Blade_ChickenBlade.uasset'
[2018.09.14-01.05.07:034][979]LogSavePackage: Moving '../../../../../../Users/136-i7_6700-02/Documents/Unreal Projects/MaidWars/Saved/T_Blade_ChickenBlade2_DB386902341894C804BCB0A91E4C765E5.tmp' to '../../../../../../Users/136-i7_6700-02/Documents/Unreal Projects/MaidWars/Content/Weapons/Blade/T_Blade_ChickenBlade2_D.uasset'
[2018.09.14-01.05.07:075][979]LogSavePackage: Moving '../../../../../../Users/136-i7_6700-02/Documents/Unreal Projects/MaidWars/Saved/T_Blade_ChickenBlade1_NE081E8F14624EB9103B042A2F8C2C236.tmp' to '../../../../../../Users/136-i7_6700-02/Documents/Unreal Projects/MaidWars/Content/Weapons/Blade/T_Blade_ChickenBlade1_N.uasset'
[2018.09.14-01.05.07:115][979]LogSavePackage: Moving '../../../../../../Users/136-i7_6700-02/Documents/Unreal Projects/MaidWars/Saved/T_Blade_ChickenBlade1_DEB0BE5C14B1A383473BBEB9D5C766068.tmp' to '../../../../../../Users/136-i7_6700-02/Documents/Unreal Projects/MaidWars/Content/Weapons/Blade/T_Blade_ChickenBlade1_D.uasset'
[2018.09.14-01.05.07:160][979]LogSavePackage: Moving '../../../../../../Users/136-i7_6700-02/Documents/Unreal Projects/MaidWars/Saved/T_Blade_ChickenBlade2_NF3B4249D474341FBF8EAA385543E15AF.tmp' to '../../../../../../Users/136-i7_6700-02/Documents/Unreal Projects/MaidWars/Content/Weapons/Blade/T_Blade_ChickenBlade2_N.uasset'
[2018.09.14-01.05.19:953][351]LogAssetEditorManager: Opening Asset editor for Blueprint /Game/Character/BP_Owner.BP_Owner
[2018.09.14-01.05.20:463][351]LogContentBrowser: Native class hierarchy updated for 'BlueprintGraph' in 0.0005 seconds. Added 116 classes and 0 folders.
[2018.09.14-01.05.22:963][502]Cmd: OBJ SAVEPACKAGE PACKAGE="/Game/Character/BP_Owner" FILE="../../../../../../Users/136-i7_6700-02/Documents/Unreal Projects/MaidWars/Content/Character/BP_Owner.uasset" SILENT=true
[2018.09.14-01.05.22:990][502]LogSavePackage: Moving '../../../../../../Users/136-i7_6700-02/Documents/Unreal Projects/MaidWars/Saved/BP_OwnerDF2DEABA490D3C45E0947B9B44DD6224.tmp' to '../../../../../../Users/136-i7_6700-02/Documents/Unreal Projects/MaidWars/Content/Character/BP_Owner.uasset'
[2018.09.14-01.05.23:524][565]BlueprintLog: New page: BP_Owner をコンパイル
[2018.09.14-01.05.24:761][669]LogAssetEditorManager: Opening Asset editor for Blueprint /Game/Character/BP_Owner.BP_Owner
[2018.09.14-01.05.25:154][669]LogSlate: Took 0.014747 seconds to synchronously load lazily loaded font '../../../Engine/Content/Editor/Slate/Fonts/GenEiGothicPro-SemiBold.otf' (703K)
[2018.09.14-01.05.25:160][669]LogSlate: Took 0.006151 seconds to synchronously load lazily loaded font '../../../Engine/Content/Slate/Fonts/Roboto-BoldCondensed.ttf' (158K)
[2018.09.14-01.09.09:465][859]LogSlate: Took 0.006170 seconds to synchronously load lazily loaded font '../../../Engine/Content/Slate/Fonts/Roboto-BoldCondensedItalic.ttf' (160K)
[2018.09.14-01.11.23:995][711]LogRenderer: Reallocating scene render targets to support 1200x716 Format 10 NumSamples 1 (Frame:1).
[2018.09.14-01.12.12:892][561]LogSlate: FSceneViewport::OnFocusLost() reason 0
[2018.09.14-01.18.26:212][551]Cmd: OBJ SAVEPACKAGE PACKAGE="/Game/Character/BP_Owner" FILE="../../../../../../Users/136-i7_6700-02/Documents/Unreal Projects/MaidWars/Content/Character/BP_Owner.uasset" SILENT=true
[2018.09.14-01.18.26:243][551]LogSavePackage: Moving '../../../../../../Users/136-i7_6700-02/Documents/Unreal Projects/MaidWars/Saved/BP_OwnerCCF9DB664CAA296C1E0DB6A9D48D83B7.tmp' to '../../../../../../Users/136-i7_6700-02/Documents/Unreal Projects/MaidWars/Content/Character/BP_Owner.uasset'
[2018.09.14-01.18.26:738][609]BlueprintLog: New page: BP_Owner をコンパイル
[2018.09.14-01.18.29:245][843]LogSavePackage: Moving '../../../../../../Users/136-i7_6700-02/Documents/Unreal Projects/MaidWars/Saved/ThirdPersonExampleMap7557A5D54ADB44E11501C8BD9200C4F7.tmp' to '../../../../../../Users/136-i7_6700-02/Documents/Unreal Projects/MaidWars/Content/ThirdPersonBP/Maps/ThirdPersonExampleMap.umap'
[2018.09.14-01.18.29:408][843]LogSavePackage: Moving '../../../../../../Users/136-i7_6700-02/Documents/Unreal Projects/MaidWars/Saved/ThirdPersonExampleMap_BuiltDataA5715279495FA53C67EF3389ED9FC631.tmp' to '../../../../../../Users/136-i7_6700-02/Documents/Unreal Projects/MaidWars/Content/ThirdPersonBP/Maps/ThirdPersonExampleMap_BuiltData.uasset'
[2018.09.14-01.23.23:923][731]Cmd: OBJ SAVEPACKAGE PACKAGE="/Game/Character/BP_Owner" FILE="../../../../../../Users/136-i7_6700-02/Documents/Unreal Projects/MaidWars/Content/Character/BP_Owner.uasset" SILENT=true
[2018.09.14-01.23.23:955][731]LogSavePackage: Moving '../../../../../../Users/136-i7_6700-02/Documents/Unreal Projects/MaidWars/Saved/BP_Owner26F91CF749CE116C58032CA197F5F81B.tmp' to '../../../../../../Users/136-i7_6700-02/Documents/Unreal Projects/MaidWars/Content/Character/BP_Owner.uasset'
[2018.09.14-01.23.24:377][780]BlueprintLog: New page: BP_Owner をコンパイル
[2018.09.14-01.23.26:167][960]LogTemp: Repeating last play command: 選択ビューポート
[2018.09.14-01.23.26:192][960]LogBlueprintUserMessages: Early PlayInEditor Detection: Level '/Game/ThirdPersonBP/Maps/ThirdPersonExampleMap.ThirdPersonExampleMap:PersistentLevel' has LevelScriptBlueprint '/Game/ThirdPersonBP/Maps/ThirdPersonExampleMap.ThirdPersonExampleMap:PersistentLevel.ThirdPersonExampleMap' with GeneratedClass '/Game/ThirdPersonBP/Maps/ThirdPersonExampleMap.ThirdPersonExampleMap_C' with ClassGeneratedBy '/Game/ThirdPersonBP/Maps/ThirdPersonExampleMap.ThirdPersonExampleMap:PersistentLevel.ThirdPersonExampleMap'
[2018.09.14-01.23.26:193][960]LogPlayLevel: PlayLevel: No blueprints needed recompiling
[2018.09.14-01.23.26:217][960]PIE: New page: PIEセッション: ThirdPersonExampleMap (2018/09/14 19:23:26)
[2018.09.14-01.23.26:218][960]LogPlayLevel: Creating play world package: /Game/ThirdPersonBP/Maps/UEDPIE_0_ThirdPersonExampleMap
[2018.09.14-01.23.26:229][960]LogPlayLevel: PIE: StaticDuplicateObject took: (0.011666s)
[2018.09.14-01.23.26:230][960]LogAIModule: Creating AISystem for world ThirdPersonExampleMap
[2018.09.14-01.23.26:231][960]LogPlayLevel: PIE: World Init took: (0.001616s)
[2018.09.14-01.23.26:231][960]LogPlayLevel: PIE: Created PIE world by copying editor world from /Game/ThirdPersonBP/Maps/ThirdPersonExampleMap.ThirdPersonExampleMap to /Game/ThirdPersonBP/Maps/UEDPIE_0_ThirdPersonExampleMap.ThirdPersonExampleMap (0.013980s)
[2018.09.14-01.23.26:263][960]LogInit: XAudio2 using 'ASUS PB279 (インテル(R) ディスプレイ用オーディオ)' : 2 channels at 48 kHz using 16 bits per sample (channel mask 0x3)
[2018.09.14-01.23.26:268][960]LogInit: FAudioDevice initialized.
[2018.09.14-01.23.26:278][960]LogSlate: Updating window title bar state: overlay mode, drag disabled, window buttons hidden, title bar hidden
[2018.09.14-01.23.26:345][960]LogLoad: Game class is 'ThirdPersonGameMode_C'
[2018.09.14-01.23.26:350][960]LogWorld: Bringing World /Game/ThirdPersonBP/Maps/UEDPIE_0_ThirdPersonExampleMap.ThirdPersonExampleMap up for play (max tick rate 0) at 2018.09.14-10.23.26
[2018.09.14-01.23.26:353][960]LogWorld: Bringing up level for play took: 0.006684
[2018.09.14-01.23.26:430][960]LogContentBrowser: Native class hierarchy updated for 'MovieSceneCapture' in 0.0006 seconds. Added 10 classes and 0 folders.
[2018.09.14-01.23.26:438][960]PIE: /Game/ThirdPersonBP/Maps/UEDPIE_0_ThirdPersonExampleMap -0.364のプレイ イン エディタの開始時間
[2018.09.14-01.23.26:439][960]LogBlueprintUserMessages: Late PlayInEditor Detection: Level '/Game/ThirdPersonBP/Maps/ThirdPersonExampleMap.ThirdPersonExampleMap:PersistentLevel' has LevelScriptBlueprint '/Game/ThirdPersonBP/Maps/ThirdPersonExampleMap.ThirdPersonExampleMap:PersistentLevel.ThirdPersonExampleMap' with GeneratedClass '/Game/ThirdPersonBP/Maps/ThirdPersonExampleMap.ThirdPersonExampleMap_C' with ClassGeneratedBy '/Game/ThirdPersonBP/Maps/ThirdPersonExampleMap.ThirdPersonExampleMap:PersistentLevel.ThirdPersonExampleMap'
[2018.09.14-01.23.26:485][960]LogRenderer: Reallocating scene render targets to support 1292x756 Format 10 NumSamples 1 (Frame:1).
[2018.09.14-01.23.27:466][ 53]LogBlueprintUserMessages: Early EndPlayMap Detection: Level '/Game/ThirdPersonBP/Maps/ThirdPersonExampleMap.ThirdPersonExampleMap:PersistentLevel' has LevelScriptBlueprint '/Game/ThirdPersonBP/Maps/ThirdPersonExampleMap.ThirdPersonExampleMap:PersistentLevel.ThirdPersonExampleMap' with GeneratedClass '/Game/ThirdPersonBP/Maps/ThirdPersonExampleMap.ThirdPersonExampleMap_C' with ClassGeneratedBy '/Game/ThirdPersonBP/Maps/ThirdPersonExampleMap.ThirdPersonExampleMap:PersistentLevel.ThirdPersonExampleMap'
[2018.09.14-01.23.27:472][ 53]LogSlate: Updating window title bar state: overlay mode, drag disabled, window buttons hidden, title bar hidden
[2018.09.14-01.23.27:489][ 53]LogSlate: Window 'MaidWar ゲームプレビュー Standalone (64-ビット/PCD3D_SM5)' being destroyed
[2018.09.14-01.23.27:521][ 53]LogPlayLevel: Display: Shutting down PIE online subsystems
[2018.09.14-01.23.27:521][ 53]LogBlueprintUserMessages: Late EndPlayMap Detection: Level '/Game/ThirdPersonBP/Maps/ThirdPersonExampleMap.ThirdPersonExampleMap:PersistentLevel' has LevelScriptBlueprint '/Game/ThirdPersonBP/Maps/ThirdPersonExampleMap.ThirdPersonExampleMap:PersistentLevel.ThirdPersonExampleMap' with GeneratedClass '/Game/ThirdPersonBP/Maps/ThirdPersonExampleMap.ThirdPersonExampleMap_C' with ClassGeneratedBy '/Game/ThirdPersonBP/Maps/ThirdPersonExampleMap.ThirdPersonExampleMap:PersistentLevel.ThirdPersonExampleMap'
[2018.09.14-01.23.27:572][ 54]LogPlayLevel: Display: Destroying online subsystem :Context_11
[2018.09.14-01.23.39:884][441]LogEditorViewport: Clicking on Actor (LMB): ThirdPersonCharacter_C (ThirdPersonCharacter)
[2018.09.14-01.23.41:530][593]LogSlate: FSceneViewport::OnFocusLost() reason 0
[2018.09.14-01.24.00:113][767]LogSlate: Window '名前を付けてレベルを保存する' being destroyed
[2018.09.14-01.24.00:520][767]LogAIModule: Creating AISystem for world TestMap
[2018.09.14-01.24.00:687][767]LogSavePackage: Moving '../../../../../../Users/136-i7_6700-02/Documents/Unreal Projects/MaidWars/Saved/TestMap81B4851844D1AB817421F496988CDF9A.tmp' to '../../../../../../Users/136-i7_6700-02/Documents/Unreal Projects/MaidWars/Content/SandBox/TestMap.umap'
[2018.09.14-01.24.00:698][767]Cmd: OBJ SAVEPACKAGE PACKAGE="/Game/SandBox/TestMap_BuiltData" FILE="../../../../../../Users/136-i7_6700-02/Documents/Unreal Projects/MaidWars/Content/SandBox/TestMap_BuiltData.uasset" SILENT=true
[2018.09.14-01.24.00:787][767]LogSavePackage: Moving '../../../../../../Users/136-i7_6700-02/Documents/Unreal Projects/MaidWars/Saved/TestMap_BuiltData8170705C4D52E0E7A8ECD180C991F55C.tmp' to '../../../../../../Users/136-i7_6700-02/Documents/Unreal Projects/MaidWars/Content/SandBox/TestMap_BuiltData.uasset'
[2018.09.14-01.24.00:798][767]LogFileHelpers: Saving map 'TestMap' took 0.679
[2018.09.14-01.24.00:804][767]Cmd: MAP LOAD FILE="../../../../../../Users/136-i7_6700-02/Documents/Unreal Projects/MaidWars/Content/SandBox/TestMap.umap" TEMPLATE=0 SHOWPROGRESS=1 FEATURELEVEL=3
[2018.09.14-01.24.00:816][767]LightingResults: New page: ライティングのビルド
[2018.09.14-01.24.00:817][767]LoadErrors: New page: マップをロード中: TestMap.umap
[2018.09.14-01.24.00:850][767]MapCheck: New page: マップをチェック
[2018.09.14-01.24.00:850][767]LightingResults: New page: <何も選択されていません>
[2018.09.14-01.24.00:981][767]LogEditorServer: Finished looking for orphan Actors (0.000 secs)
[2018.09.14-01.24.01:035][767]Cmd: MAP CHECKDEP NOCLEARLOG
[2018.09.14-01.24.01:096][767]MapCheck: マップチェックが完了: 0 エラー、 0 警告、完了に 61.395ミリ秒かかりました。
[2018.09.14-01.24.01:096][767]LogFileHelpers: Loading map 'TestMap' took 0.299
[2018.09.14-01.24.02:981][903]LogEditorViewport: Clicking on Actor (LMB): ThirdPersonCharacter_C (ThirdPersonCharacter)
[2018.09.14-01.24.03:742][972]Cmd: DELETE
[2018.09.14-01.24.03:742][972]Cmd: ACTOR DELETE
[2018.09.14-01.24.03:753][972]LogEditorActor: Deleted Actor: ThirdPersonCharacter_C
[2018.09.14-01.24.03:838][972]LogEditorActor: Deleted 1 Actors (0.089 secs)
[2018.09.14-01.24.05:332][150]LogSlate: FSceneViewport::OnFocusLost() reason 0
[2018.09.14-01.24.09:240][546]LogSlate: FSceneViewport::OnFocusLost() reason 0
[2018.09.14-01.24.09:348][559]LogTemp: Repeating last play command: 選択ビューポート
[2018.09.14-01.24.09:366][559]LogBlueprintUserMessages: Early PlayInEditor Detection: Level '/Game/SandBox/TestMap.TestMap:PersistentLevel' has LevelScriptBlueprint '/Game/SandBox/TestMap.TestMap:PersistentLevel.TestMap' with GeneratedClass '/Game/SandBox/TestMap.TestMap_C' with ClassGeneratedBy '/Game/SandBox/TestMap.TestMap:PersistentLevel.TestMap'
[2018.09.14-01.24.09:366][559]LogPlayLevel: PlayLevel: No blueprints needed recompiling
[2018.09.14-01.24.09:366][559]PIE: New page: PIEセッション: TestMap (2018/09/14 19:24:09)
[2018.09.14-01.24.09:366][559]LogPlayLevel: Creating play world package: /Game/SandBox/UEDPIE_0_TestMap
[2018.09.14-01.24.09:376][559]LogPlayLevel: PIE: StaticDuplicateObject took: (0.009442s)
[2018.09.14-01.24.09:376][559]LogAIModule: Creating AISystem for world TestMap
[2018.09.14-01.24.09:376][559]LogPlayLevel: PIE: World Init took: (0.000841s)
[2018.09.14-01.24.09:377][559]LogPlayLevel: PIE: Created PIE world by copying editor world from /Game/SandBox/TestMap.TestMap to /Game/SandBox/UEDPIE_0_TestMap.TestMap (0.010423s)
[2018.09.14-01.24.09:404][559]LogInit: XAudio2 using 'ASUS PB279 (インテル(R) ディスプレイ用オーディオ)' : 2 channels at 48 kHz using 16 bits per sample (channel mask 0x3)
[2018.09.14-01.24.09:408][559]LogInit: FAudioDevice initialized.
[2018.09.14-01.24.09:441][559]LogLoad: Game class is 'ThirdPersonGameMode_C'
[2018.09.14-01.24.09:443][559]LogWorld: Bringing World /Game/SandBox/UEDPIE_0_TestMap.TestMap up for play (max tick rate 0) at 2018.09.14-10.24.09
[2018.09.14-01.24.09:455][559]LogWorld: Bringing up level for play took: 0.012727
[2018.09.14-01.24.09:474][559]LogBlueprintUserMessages: [BP_Owner_2] 0.0
[2018.09.14-01.24.09:474][559]PIE: /Game/SandBox/UEDPIE_0_TestMap 0.672のプレイ イン エディタの開始時間
[2018.09.14-01.24.09:474][559]LogBlueprintUserMessages: Late PlayInEditor Detection: Level '/Game/SandBox/TestMap.TestMap:PersistentLevel' has LevelScriptBlueprint '/Game/SandBox/TestMap.TestMap:PersistentLevel.TestMap' with GeneratedClass '/Game/SandBox/TestMap.TestMap_C' with ClassGeneratedBy '/Game/SandBox/TestMap.TestMap:PersistentLevel.TestMap'
[2018.09.14-01.24.13:103][986]LogBlueprintUserMessages: Early EndPlayMap Detection: Level '/Game/SandBox/TestMap.TestMap:PersistentLevel' has LevelScriptBlueprint '/Game/SandBox/TestMap.TestMap:PersistentLevel.TestMap' with GeneratedClass '/Game/SandBox/TestMap.TestMap_C' with ClassGeneratedBy '/Game/SandBox/TestMap.TestMap:PersistentLevel.TestMap'
[2018.09.14-01.24.13:103][986]LogSlate: Updating window title bar state: overlay mode, drag disabled, window buttons hidden, title bar hidden
[2018.09.14-01.24.13:141][986]LogPlayLevel: Display: Shutting down PIE online subsystems
[2018.09.14-01.24.13:142][986]LogBlueprintUserMessages: Late EndPlayMap Detection: Level '/Game/SandBox/TestMap.TestMap:PersistentLevel' has LevelScriptBlueprint '/Game/SandBox/TestMap.TestMap:PersistentLevel.TestMap' with GeneratedClass '/Game/SandBox/TestMap.TestMap_C' with ClassGeneratedBy '/Game/SandBox/TestMap.TestMap:PersistentLevel.TestMap'
[2018.09.14-01.24.13:183][986]LogSlate: Updating window title bar state: overlay mode, drag disabled, window buttons hidden, title bar hidden
[2018.09.14-01.24.13:205][987]LogPlayLevel: Display: Destroying online subsystem :Context_12
[2018.09.14-01.24.14:353][119]LogSlate: FSceneViewport::OnFocusLost() reason 0
[2018.09.14-01.24.37:784][903]Cmd: OBJ SAVEPACKAGE PACKAGE="/Game/Character/BP_Owner" FILE="../../../../../../Users/136-i7_6700-02/Documents/Unreal Projects/MaidWars/Content/Character/BP_Owner.uasset" SILENT=true
[2018.09.14-01.24.37:814][903]LogSavePackage: Moving '../../../../../../Users/136-i7_6700-02/Documents/Unreal Projects/MaidWars/Saved/BP_Owner79FED32C4920386A8C6030B2DC27FC45.tmp' to '../../../../../../Users/136-i7_6700-02/Documents/Unreal Projects/MaidWars/Content/Character/BP_Owner.uasset'
[2018.09.14-01.24.38:212][950]BlueprintLog: New page: BP_Owner をコンパイル
[2018.09.14-01.24.46:767][904]LogSlate: Took 0.012109 seconds to synchronously load lazily loaded font '../../../Engine/Content/Editor/Slate/Fonts/GenEiGothicPro-Heavy.otf' (704K)
[2018.09.14-01.24.46:780][904]LogSlate: Took 0.012884 seconds to synchronously load lazily loaded font '../../../Engine/Content/Slate/Fonts/DroidSansFallback.ttf' (3848K)
[2018.09.14-01.27.42:862][920]LogSlate: Took 0.004146 seconds to synchronously load lazily loaded font '../../../Engine/Content/Slate/Fonts/Roboto-Italic.ttf' (157K)
[2018.09.14-01.34.20:040][212]LogSavePackage: Moving '../../../../../../Users/136-i7_6700-02/Documents/Unreal Projects/MaidWars/Saved/TestMap_Auto1B289B12F4F8A422504F21B80B87E54A0.tmp' to '../../../../../../Users/136-i7_6700-02/Documents/Unreal Projects/MaidWars/Saved/Autosaves/Game/SandBox/TestMap_Auto1.umap'
[2018.09.14-01.34.20:044][212]LogFileHelpers: Editor autosave (incl. sublevels) for '/Game/SandBox/TestMap' took 0.252
[2018.09.14-01.34.20:044][212]LogFileHelpers: Editor autosave (incl. sublevels) for all levels took 0.252
[2018.09.14-01.34.20:049][212]OBJ SavePackage: Generating thumbnails for [1] asset(s) in package [/Game/Character/BP_Owner] ([1] browsable assets)...
[2018.09.14-01.34.20:066][212]OBJ SavePackage:     Rendered thumbnail for [Blueprint /Game/Character/BP_Owner.BP_Owner]
[2018.09.14-01.34.20:067][212]OBJ SavePackage: Finished generating thumbnails for package [/Game/Character/BP_Owner]
[2018.09.14-01.34.20:106][212]LogSavePackage: Moving '../../../../../../Users/136-i7_6700-02/Documents/Unreal Projects/MaidWars/Saved/BP_Owner_Auto1BBEDFFD244367E6F9041F08B619E57C0.tmp' to '../../../../../../Users/136-i7_6700-02/Documents/Unreal Projects/MaidWars/Saved/Autosaves/Game/Character/BP_Owner_Auto1.uasset'
[2018.09.14-01.34.20:108][212]LogFileHelpers: Auto-saving content packages took 0.060
[2018.09.14-01.37.37:415][609]LogAssetEditorManager: Opening Asset editor for UserDefinedEnum /Game/Character/PlayerState.PlayerState
[2018.09.14-01.40.18:938][465]Cmd: OBJ SAVEPACKAGE PACKAGE="/Game/Character/PlayerState" FILE="../../../../../../Users/136-i7_6700-02/Documents/Unreal Projects/MaidWars/Content/Character/PlayerState.uasset" SILENT=true
[2018.09.14-01.40.18:946][465]LogSavePackage: Moving '../../../../../../Users/136-i7_6700-02/Documents/Unreal Projects/MaidWars/Saved/PlayerStateB4858D144808EC2582991AB15770F087.tmp' to '../../../../../../Users/136-i7_6700-02/Documents/Unreal Projects/MaidWars/Content/Character/PlayerState.uasset'
[2018.09.14-01.40.20:646][631]LogSlate: Window 'PlayerState' being destroyed
[2018.09.14-01.40.20:657][631]LogSlate: Window 'PlayerState' being destroyed
[2018.09.14-01.41.56:731][428]Cmd: OBJ SAVEPACKAGE PACKAGE="/Game/Character/BP_Owner" FILE="../../../../../../Users/136-i7_6700-02/Documents/Unreal Projects/MaidWars/Content/Character/BP_Owner.uasset" SILENT=true
[2018.09.14-01.41.56:780][428]LogSavePackage: Moving '../../../../../../Users/136-i7_6700-02/Documents/Unreal Projects/MaidWars/Saved/BP_Owner00A8C1F54D01D9DC9397AA857D6B37FB.tmp' to '../../../../../../Users/136-i7_6700-02/Documents/Unreal Projects/MaidWars/Content/Character/BP_Owner.uasset'
[2018.09.14-01.41.57:191][476]BlueprintLog: New page: BP_Owner をコンパイル
[2018.09.14-01.44.08:982][988]Cmd: OBJ SAVEPACKAGE PACKAGE="/Game/Character/BP_Owner" FILE="../../../../../../Users/136-i7_6700-02/Documents/Unreal Projects/MaidWars/Content/Character/BP_Owner.uasset" SILENT=true
[2018.09.14-01.44.09:016][988]LogSavePackage: Moving '../../../../../../Users/136-i7_6700-02/Documents/Unreal Projects/MaidWars/Saved/BP_Owner9E39AC0F4A7899B17FDB3ABE019AA7A5.tmp' to '../../../../../../Users/136-i7_6700-02/Documents/Unreal Projects/MaidWars/Content/Character/BP_Owner.uasset'
[2018.09.14-01.44.09:475][ 41]BlueprintLog: New page: BP_Owner をコンパイル
[2018.09.14-01.44.42:807][657]Cmd: OBJ SAVEPACKAGE PACKAGE="/Game/Character/BP_Owner" FILE="../../../../../../Users/136-i7_6700-02/Documents/Unreal Projects/MaidWars/Content/Character/BP_Owner.uasset" SILENT=true
[2018.09.14-01.44.42:837][657]LogSavePackage: Moving '../../../../../../Users/136-i7_6700-02/Documents/Unreal Projects/MaidWars/Saved/BP_OwnerF0ED9DCD46F62F28C245DFB7E37B150B.tmp' to '../../../../../../Users/136-i7_6700-02/Documents/Unreal Projects/MaidWars/Content/Character/BP_Owner.uasset'
[2018.09.14-01.44.44:344][834]Cmd: OBJ SAVEPACKAGE PACKAGE="/Game/Character/BP_Owner" FILE="../../../../../../Users/136-i7_6700-02/Documents/Unreal Projects/MaidWars/Content/Character/BP_Owner.uasset" SILENT=true
[2018.09.14-01.44.44:368][834]LogSavePackage: Moving '../../../../../../Users/136-i7_6700-02/Documents/Unreal Projects/MaidWars/Saved/BP_OwnerE98ED8AF4956E6B81874A191E6FB3583.tmp' to '../../../../../../Users/136-i7_6700-02/Documents/Unreal Projects/MaidWars/Content/Character/BP_Owner.uasset'
[2018.09.14-01.44.44:827][887]BlueprintLog: New page: BP_Owner をコンパイル
[2018.09.14-01.45.47:720][873]LogSavePackage: Moving '../../../../../../Users/136-i7_6700-02/Documents/Unreal Projects/MaidWars/Saved/TestMap_Auto276E365AD45ED6133344C64A0540B3C78.tmp' to '../../../../../../Users/136-i7_6700-02/Documents/Unreal Projects/MaidWars/Saved/Autosaves/Game/SandBox/TestMap_Auto2.umap'
[2018.09.14-01.45.47:726][873]LogFileHelpers: Editor autosave (incl. sublevels) for '/Game/SandBox/TestMap' took 0.176
[2018.09.14-01.45.47:726][873]LogFileHelpers: Editor autosave (incl. sublevels) for all levels took 0.176
[2018.09.14-01.45.47:730][873]OBJ SavePackage: Generating thumbnails for [1] asset(s) in package [/Game/Character/BP_Owner] ([1] browsable assets)...
[2018.09.14-01.45.47:758][873]OBJ SavePackage:     Rendered thumbnail for [Blueprint /Game/Character/BP_Owner.BP_Owner]
[2018.09.14-01.45.47:758][873]OBJ SavePackage: Finished generating thumbnails for package [/Game/Character/BP_Owner]
[2018.09.14-01.45.47:787][873]LogSavePackage: Moving '../../../../../../Users/136-i7_6700-02/Documents/Unreal Projects/MaidWars/Saved/BP_Owner_Auto2A03CE3C248B86CEB8BF1DE8151590A59.tmp' to '../../../../../../Users/136-i7_6700-02/Documents/Unreal Projects/MaidWars/Saved/Autosaves/Game/Character/BP_Owner_Auto2.uasset'
[2018.09.14-01.45.47:789][873]LogFileHelpers: Auto-saving content packages took 0.060
[2018.09.14-01.49.30:343][103]Cmd: OBJ SAVEPACKAGE PACKAGE="/Game/Character/BP_Owner" FILE="../../../../../../Users/136-i7_6700-02/Documents/Unreal Projects/MaidWars/Content/Character/BP_Owner.uasset" SILENT=true
[2018.09.14-01.49.30:388][103]LogSavePackage: Moving '../../../../../../Users/136-i7_6700-02/Documents/Unreal Projects/MaidWars/Saved/BP_OwnerD9F33C7746B2855CC479EEB46A96EC3F.tmp' to '../../../../../../Users/136-i7_6700-02/Documents/Unreal Projects/MaidWars/Content/Character/BP_Owner.uasset'
[2018.09.14-01.49.30:804][150]BlueprintLog: New page: BP_Owner をコンパイル
[2018.09.14-01.53.21:744][ 60]BlueprintLog: New page: BP_Owner をコンパイル
[2018.09.14-01.53.24:138][310]LogTemp: Repeating last play command: 選択ビューポート
[2018.09.14-01.53.24:166][310]LogBlueprintUserMessages: Early PlayInEditor Detection: Level '/Game/SandBox/TestMap.TestMap:PersistentLevel' has LevelScriptBlueprint '/Game/SandBox/TestMap.TestMap:PersistentLevel.TestMap' with GeneratedClass '/Game/SandBox/TestMap.TestMap_C' with ClassGeneratedBy '/Game/SandBox/TestMap.TestMap:PersistentLevel.TestMap'
[2018.09.14-01.53.24:166][310]BlueprintLog: New page: プレイ前に自動再コンパイル
[2018.09.14-01.53.24:167][310]LogPlayLevel: [PlayLevel] Compiling PROTO_BP_AnimBlueprint_0 before play...
[2018.09.14-01.53.24:198][310]LogPlayLevel: PlayLevel: Blueprint regeneration took 32 ms (1 blueprints)
[2018.09.14-01.53.24:198][310]PIE: New page: PIEセッション: TestMap (2018/09/14 19:53:24)
[2018.09.14-01.53.24:198][310]LogPlayLevel: Creating play world package: /Game/SandBox/UEDPIE_0_TestMap
[2018.09.14-01.53.24:208][310]LogPlayLevel: PIE: StaticDuplicateObject took: (0.009278s)
[2018.09.14-01.53.24:208][310]LogAIModule: Creating AISystem for world TestMap
[2018.09.14-01.53.24:209][310]LogPlayLevel: PIE: World Init took: (0.001098s)
[2018.09.14-01.53.24:209][310]LogPlayLevel: PIE: Created PIE world by copying editor world from /Game/SandBox/TestMap.TestMap to /Game/SandBox/UEDPIE_0_TestMap.TestMap (0.010517s)
[2018.09.14-01.53.24:240][310]LogInit: XAudio2 using 'ASUS PB279 (インテル(R) ディスプレイ用オーディオ)' : 2 channels at 48 kHz using 16 bits per sample (channel mask 0x3)
[2018.09.14-01.53.24:245][310]LogInit: FAudioDevice initialized.
[2018.09.14-01.53.24:276][310]LogLoad: Game class is 'ThirdPersonGameMode_C'
[2018.09.14-01.53.24:277][310]LogWorld: Bringing World /Game/SandBox/UEDPIE_0_TestMap.TestMap up for play (max tick rate 0) at 2018.09.14-10.53.24
[2018.09.14-01.53.24:278][310]LogWorld: Bringing up level for play took: 0.001193
[2018.09.14-01.53.24:291][310]PIE: /Game/SandBox/UEDPIE_0_TestMap -0.511のプレイ イン エディタの開始時間
[2018.09.14-01.53.24:291][310]LogBlueprintUserMessages: Late PlayInEditor Detection: Level '/Game/SandBox/TestMap.TestMap:PersistentLevel' has LevelScriptBlueprint '/Game/SandBox/TestMap.TestMap:PersistentLevel.TestMap' with GeneratedClass '/Game/SandBox/TestMap.TestMap_C' with ClassGeneratedBy '/Game/SandBox/TestMap.TestMap:PersistentLevel.TestMap'
[2018.09.14-01.53.27:606][700]LogBlueprintUserMessages: Early EndPlayMap Detection: Level '/Game/SandBox/TestMap.TestMap:PersistentLevel' has LevelScriptBlueprint '/Game/SandBox/TestMap.TestMap:PersistentLevel.TestMap' with GeneratedClass '/Game/SandBox/TestMap.TestMap_C' with ClassGeneratedBy '/Game/SandBox/TestMap.TestMap:PersistentLevel.TestMap'
[2018.09.14-01.53.27:606][700]LogSlate: Updating window title bar state: overlay mode, drag disabled, window buttons hidden, title bar hidden
[2018.09.14-01.53.27:645][700]LogPlayLevel: Display: Shutting down PIE online subsystems
[2018.09.14-01.53.27:645][700]LogBlueprintUserMessages: Late EndPlayMap Detection: Level '/Game/SandBox/TestMap.TestMap:PersistentLevel' has LevelScriptBlueprint '/Game/SandBox/TestMap.TestMap:PersistentLevel.TestMap' with GeneratedClass '/Game/SandBox/TestMap.TestMap_C' with ClassGeneratedBy '/Game/SandBox/TestMap.TestMap:PersistentLevel.TestMap'
[2018.09.14-01.53.27:673][700]LogSlate: Updating window title bar state: overlay mode, drag disabled, window buttons hidden, title bar hidden
[2018.09.14-01.53.27:716][703]LogPlayLevel: Display: Destroying online subsystem :Context_13
[2018.09.14-01.53.30:270][  2]LogSlate: FSceneViewport::OnFocusLost() reason 2
[2018.09.14-01.53.55:729][985]LogSlate: Window '親クラスを選択' being destroyed
[2018.09.14-01.54.25:812][960]LogMetaData: Removing '/Game/GameMode/BP_MaidGamemode.BP_MaidGamemode:UserConstructionScript.K2Node_FunctionEntry_0' ref from Metadata '/Game/GameMode/BP_MadeGamemode.PackageMetaData'
[2018.09.14-01.54.25:812][960]LogMetaData: Removing '/Game/GameMode/BP_MaidGamemode.SKEL_BP_MaidGamemode_C' ref from Metadata '/Game/GameMode/BP_MadeGamemode.PackageMetaData'
[2018.09.14-01.54.25:812][960]LogMetaData: Removing '/Game/GameMode/BP_MaidGamemode.BP_MaidGamemode_C' ref from Metadata '/Game/GameMode/BP_MadeGamemode.PackageMetaData'
[2018.09.14-01.54.25:812][960]LogMetaData: Removing '/Game/GameMode/BP_MaidGamemode.BP_MaidGamemode:EventGraph.K2Node_Event_0' ref from Metadata '/Game/GameMode/BP_MadeGamemode.PackageMetaData'
[2018.09.14-01.54.25:812][960]LogMetaData: Removing '/Game/GameMode/BP_MaidGamemode.BP_MaidGamemode:EventGraph.K2Node_Event_1' ref from Metadata '/Game/GameMode/BP_MadeGamemode.PackageMetaData'
[2018.09.14-01.54.25:831][960]Cmd: OBJ SAVEPACKAGE PACKAGE="/Game/GameMode/BP_MaidGamemode" FILE="../../../../../../Users/136-i7_6700-02/Documents/Unreal Projects/MaidWars/Content/GameMode/BP_MaidGamemode.uasset" SILENT=true
[2018.09.14-01.54.25:841][960]LogSavePackage: Moving '../../../../../../Users/136-i7_6700-02/Documents/Unreal Projects/MaidWars/Saved/BP_MaidGamemode9D111B0243E8CC33DB3E50B0E111190F.tmp' to '../../../../../../Users/136-i7_6700-02/Documents/Unreal Projects/MaidWars/Content/GameMode/BP_MaidGamemode.uasset'
[2018.09.14-01.54.28:339][226]LogAssetEditorManager: Opening Asset editor for Blueprint /Game/GameMode/BP_MaidGamemode.BP_MaidGamemode
[2018.09.14-01.54.30:882][460]Cmd: OBJ SAVEPACKAGE PACKAGE="/Game/GameMode/BP_MaidGamemode" FILE="../../../../../../Users/136-i7_6700-02/Documents/Unreal Projects/MaidWars/Content/GameMode/BP_MaidGamemode.uasset" SILENT=true
[2018.09.14-01.54.30:898][460]LogSavePackage: Moving '../../../../../../Users/136-i7_6700-02/Documents/Unreal Projects/MaidWars/Saved/BP_MaidGamemode193FC4A74CECE8181D0A7F939FEE6AF1.tmp' to '../../../../../../Users/136-i7_6700-02/Documents/Unreal Projects/MaidWars/Content/GameMode/BP_MaidGamemode.uasset'
[2018.09.14-01.54.31:180][493]BlueprintLog: New page: BP_MaidGamemode をコンパイル
[2018.09.14-01.54.34:810][908]LogSlate: Prevented a slow task dialog from being summoned while a context menu was open
[2018.09.14-01.54.38:801][358]Cmd: OBJ SAVEPACKAGE PACKAGE="/Game/GameMode/BP_MaidGamemode" FILE="../../../../../../Users/136-i7_6700-02/Documents/Unreal Projects/MaidWars/Content/GameMode/BP_MaidGamemode.uasset" SILENT=true
[2018.09.14-01.54.38:813][358]LogSavePackage: Moving '../../../../../../Users/136-i7_6700-02/Documents/Unreal Projects/MaidWars/Saved/BP_MaidGamemode855564C64C9F472B714C678A9EA57FAF.tmp' to '../../../../../../Users/136-i7_6700-02/Documents/Unreal Projects/MaidWars/Content/GameMode/BP_MaidGamemode.uasset'
[2018.09.14-01.54.39:478][437]BlueprintLog: New page: BP_MaidGamemode をコンパイル
[2018.09.14-01.54.45:332][106]LogSlate: Prevented a slow task dialog from being summoned while a context menu was open
[2018.09.14-01.54.48:885][473]LogSavePackage: Moving '../../../../../../Users/136-i7_6700-02/Documents/Unreal Projects/MaidWars/Saved/TestMap9DF0F5234C26238A4CC8D2A2573B0E81.tmp' to '../../../../../../Users/136-i7_6700-02/Documents/Unreal Projects/MaidWars/Content/SandBox/TestMap.umap'
[2018.09.14-01.54.48:915][473]Cmd: OBJ SAVEPACKAGE PACKAGE="/Game/SandBox/TestMap_BuiltData" FILE="../../../../../../Users/136-i7_6700-02/Documents/Unreal Projects/MaidWars/Content/SandBox/TestMap_BuiltData.uasset" SILENT=true
[2018.09.14-01.54.49:010][473]LogSavePackage: Moving '../../../../../../Users/136-i7_6700-02/Documents/Unreal Projects/MaidWars/Saved/TestMap_BuiltData194ACD2A4EAD5B391B795CBBE9C0E643.tmp' to '../../../../../../Users/136-i7_6700-02/Documents/Unreal Projects/MaidWars/Content/SandBox/TestMap_BuiltData.uasset'
[2018.09.14-01.54.49:573][512]LogTemp: Repeating last play command: 選択ビューポート
[2018.09.14-01.54.49:596][512]LogBlueprintUserMessages: Early PlayInEditor Detection: Level '/Game/SandBox/TestMap.TestMap:PersistentLevel' has LevelScriptBlueprint '/Game/SandBox/TestMap.TestMap:PersistentLevel.TestMap' with GeneratedClass '/Game/SandBox/TestMap.TestMap_C' with ClassGeneratedBy '/Game/SandBox/TestMap.TestMap:PersistentLevel.TestMap'
[2018.09.14-01.54.49:596][512]BlueprintLog: New page: プレイ前に自動再コンパイル
[2018.09.14-01.54.49:656][512]LogPlayLevel: [PlayLevel] Compiling BP_Owner before play...
[2018.09.14-01.54.49:819][512]LogPlayLevel: PlayLevel: Blueprint regeneration took 222 ms (1 blueprints)
[2018.09.14-01.54.49:819][512]PIE: New page: PIEセッション: TestMap (2018/09/14 19:54:49)
[2018.09.14-01.54.49:819][512]LogPlayLevel: Creating play world package: /Game/SandBox/UEDPIE_0_TestMap
[2018.09.14-01.54.49:827][512]LogPlayLevel: PIE: StaticDuplicateObject took: (0.008352s)
[2018.09.14-01.54.49:829][512]LogAIModule: Creating AISystem for world TestMap
[2018.09.14-01.54.49:829][512]LogPlayLevel: PIE: World Init took: (0.001731s)
[2018.09.14-01.54.49:829][512]LogPlayLevel: PIE: Created PIE world by copying editor world from /Game/SandBox/TestMap.TestMap to /Game/SandBox/UEDPIE_0_TestMap.TestMap (0.010393s)
[2018.09.14-01.54.49:861][512]LogInit: XAudio2 using 'ASUS PB279 (インテル(R) ディスプレイ用オーディオ)' : 2 channels at 48 kHz using 16 bits per sample (channel mask 0x3)
[2018.09.14-01.54.49:864][512]LogInit: FAudioDevice initialized.
[2018.09.14-01.54.49:903][512]LogLoad: Game class is 'BP_MaidGamemode_C'
[2018.09.14-01.54.49:907][512]LogWorld: Bringing World /Game/SandBox/UEDPIE_0_TestMap.TestMap up for play (max tick rate 0) at 2018.09.14-10.54.49
[2018.09.14-01.54.49:907][512]LogWorld: Bringing up level for play took: 0.002177
[2018.09.14-01.54.49:921][512]LogGameMode: Display: Match State Changed from EnteringMap to WaitingToStart
[2018.09.14-01.54.49:922][512]LogGameState: Match State Changed from EnteringMap to WaitingToStart
[2018.09.14-01.54.49:922][512]LogGameMode: Display: Match State Changed from WaitingToStart to InProgress
[2018.09.14-01.54.49:925][512]LogGameState: Match State Changed from WaitingToStart to InProgress
[2018.09.14-01.54.49:925][512]PIE: /Game/SandBox/UEDPIE_0_TestMap 1.123のプレイ イン エディタの開始時間
[2018.09.14-01.54.49:926][512]LogBlueprintUserMessages: Late PlayInEditor Detection: Level '/Game/SandBox/TestMap.TestMap:PersistentLevel' has LevelScriptBlueprint '/Game/SandBox/TestMap.TestMap:PersistentLevel.TestMap' with GeneratedClass '/Game/SandBox/TestMap.TestMap_C' with ClassGeneratedBy '/Game/SandBox/TestMap.TestMap:PersistentLevel.TestMap'
[2018.09.14-01.54.54:867][ 65]LogBlueprintUserMessages: Early EndPlayMap Detection: Level '/Game/SandBox/TestMap.TestMap:PersistentLevel' has LevelScriptBlueprint '/Game/SandBox/TestMap.TestMap:PersistentLevel.TestMap' with GeneratedClass '/Game/SandBox/TestMap.TestMap_C' with ClassGeneratedBy '/Game/SandBox/TestMap.TestMap:PersistentLevel.TestMap'
[2018.09.14-01.54.54:867][ 65]LogSlate: Updating window title bar state: overlay mode, drag disabled, window buttons hidden, title bar hidden
[2018.09.14-01.54.54:902][ 65]LogPlayLevel: Display: Shutting down PIE online subsystems
[2018.09.14-01.54.54:903][ 65]LogBlueprintUserMessages: Late EndPlayMap Detection: Level '/Game/SandBox/TestMap.TestMap:PersistentLevel' has LevelScriptBlueprint '/Game/SandBox/TestMap.TestMap:PersistentLevel.TestMap' with GeneratedClass '/Game/SandBox/TestMap.TestMap_C' with ClassGeneratedBy '/Game/SandBox/TestMap.TestMap:PersistentLevel.TestMap'
[2018.09.14-01.54.54:931][ 65]LogSlate: Updating window title bar state: overlay mode, drag disabled, window buttons hidden, title bar hidden
[2018.09.14-01.54.54:972][ 68]LogPlayLevel: Display: Destroying online subsystem :Context_15
[2018.09.14-01.55.46:770][274]LogEditorViewport: Clicking on Actor (LMB): BP_Owner_C (BP_Owner)
[2018.09.14-01.55.47:493][352]Cmd: DELETE
[2018.09.14-01.55.47:494][352]Cmd: ACTOR DELETE
[2018.09.14-01.55.47:497][352]LogEditorActor: Deleted Actor: BP_Owner_C
[2018.09.14-01.55.47:524][352]LogEditorActor: Deleted 1 Actors (0.030 secs)
[2018.09.14-01.55.48:621][481]LogSlate: FSceneViewport::OnFocusLost() reason 2
[2018.09.14-01.55.48:780][481]LogSavePackage: Moving '../../../../../../Users/136-i7_6700-02/Documents/Unreal Projects/MaidWars/Saved/TestMapF924AD324F2E5E714DCB2FB964234E18.tmp' to '../../../../../../Users/136-i7_6700-02/Documents/Unreal Projects/MaidWars/Content/SandBox/TestMap.umap'
[2018.09.14-01.55.48:820][481]Cmd: OBJ SAVEPACKAGE PACKAGE="/Game/SandBox/TestMap_BuiltData" FILE="../../../../../../Users/136-i7_6700-02/Documents/Unreal Projects/MaidWars/Content/SandBox/TestMap_BuiltData.uasset" SILENT=true
[2018.09.14-01.55.48:910][481]LogSavePackage: Moving '../../../../../../Users/136-i7_6700-02/Documents/Unreal Projects/MaidWars/Saved/TestMap_BuiltData571AC0064D05F0B88359A880D1D9EC29.tmp' to '../../../../../../Users/136-i7_6700-02/Documents/Unreal Projects/MaidWars/Content/SandBox/TestMap_BuiltData.uasset'
[2018.09.14-01.56.05:906][472]LogSlate: FSceneViewport::OnFocusLost() reason 2
[2018.09.14-01.56.07:528][638]LogSlate: FSceneViewport::OnFocusLost() reason 2
[2018.09.14-01.56.39:574][335]LogEditorViewport: Clicking on Actor (LMB): CameraActor (CameraActor)
[2018.09.14-01.56.41:901][584]LogSlate: FSceneViewport::OnFocusLost() reason 0
[2018.09.14-01.56.46:721][ 81]LogSlate: FSceneViewport::OnFocusLost() reason 0
[2018.09.14-01.56.51:413][585]LogSlate: FSceneViewport::OnFocusLost() reason 0
[2018.09.14-01.56.51:503][594]LogTemp: Repeating last play command: 選択ビューポート
[2018.09.14-01.56.51:525][594]LogBlueprintUserMessages: Early PlayInEditor Detection: Level '/Game/SandBox/TestMap.TestMap:PersistentLevel' has LevelScriptBlueprint '/Game/SandBox/TestMap.TestMap:PersistentLevel.TestMap' with GeneratedClass '/Game/SandBox/TestMap.TestMap_C' with ClassGeneratedBy '/Game/SandBox/TestMap.TestMap:PersistentLevel.TestMap'
[2018.09.14-01.56.51:525][594]LogPlayLevel: PlayLevel: No blueprints needed recompiling
[2018.09.14-01.56.51:525][594]PIE: New page: PIEセッション: TestMap (2018/09/14 19:56:51)
[2018.09.14-01.56.51:525][594]LogPlayLevel: Creating play world package: /Game/SandBox/UEDPIE_0_TestMap
[2018.09.14-01.56.51:534][594]LogPlayLevel: PIE: StaticDuplicateObject took: (0.008758s)
[2018.09.14-01.56.51:535][594]LogAIModule: Creating AISystem for world TestMap
[2018.09.14-01.56.51:535][594]LogPlayLevel: PIE: World Init took: (0.000849s)
[2018.09.14-01.56.51:535][594]LogPlayLevel: PIE: Created PIE world by copying editor world from /Game/SandBox/TestMap.TestMap to /Game/SandBox/UEDPIE_0_TestMap.TestMap (0.009775s)
[2018.09.14-01.56.51:593][594]LogInit: XAudio2 using 'ASUS PB279 (インテル(R) ディスプレイ用オーディオ)' : 2 channels at 48 kHz using 16 bits per sample (channel mask 0x3)
[2018.09.14-01.56.51:597][594]LogInit: FAudioDevice initialized.
[2018.09.14-01.56.51:633][594]LogLoad: Game class is 'BP_MaidGamemode_C'
[2018.09.14-01.56.51:637][594]LogWorld: Bringing World /Game/SandBox/UEDPIE_0_TestMap.TestMap up for play (max tick rate 0) at 2018.09.14-10.56.51
[2018.09.14-01.56.51:638][594]LogWorld: Bringing up level for play took: 0.002124
[2018.09.14-01.56.51:652][594]LogGameMode: Display: Match State Changed from EnteringMap to WaitingToStart
[2018.09.14-01.56.51:652][594]LogGameState: Match State Changed from EnteringMap to WaitingToStart
[2018.09.14-01.56.51:652][594]LogGameMode: Display: Match State Changed from WaitingToStart to InProgress
[2018.09.14-01.56.51:655][594]LogGameState: Match State Changed from WaitingToStart to InProgress
[2018.09.14-01.56.51:655][594]PIE: /Game/SandBox/UEDPIE_0_TestMap 0.853のプレイ イン エディタの開始時間
[2018.09.14-01.56.51:656][594]LogBlueprintUserMessages: Late PlayInEditor Detection: Level '/Game/SandBox/TestMap.TestMap:PersistentLevel' has LevelScriptBlueprint '/Game/SandBox/TestMap.TestMap:PersistentLevel.TestMap' with GeneratedClass '/Game/SandBox/TestMap.TestMap_C' with ClassGeneratedBy '/Game/SandBox/TestMap.TestMap:PersistentLevel.TestMap'
[2018.09.14-01.56.52:880][732]LogBlueprintUserMessages: Early EndPlayMap Detection: Level '/Game/SandBox/TestMap.TestMap:PersistentLevel' has LevelScriptBlueprint '/Game/SandBox/TestMap.TestMap:PersistentLevel.TestMap' with GeneratedClass '/Game/SandBox/TestMap.TestMap_C' with ClassGeneratedBy '/Game/SandBox/TestMap.TestMap:PersistentLevel.TestMap'
[2018.09.14-01.56.52:881][732]LogSlate: Updating window title bar state: overlay mode, drag disabled, window buttons hidden, title bar hidden
[2018.09.14-01.56.52:918][732]LogPlayLevel: Display: Shutting down PIE online subsystems
[2018.09.14-01.56.52:919][732]LogBlueprintUserMessages: Late EndPlayMap Detection: Level '/Game/SandBox/TestMap.TestMap:PersistentLevel' has LevelScriptBlueprint '/Game/SandBox/TestMap.TestMap:PersistentLevel.TestMap' with GeneratedClass '/Game/SandBox/TestMap.TestMap_C' with ClassGeneratedBy '/Game/SandBox/TestMap.TestMap:PersistentLevel.TestMap'
[2018.09.14-01.56.52:977][732]LogSlate: Updating window title bar state: overlay mode, drag disabled, window buttons hidden, title bar hidden
[2018.09.14-01.56.52:996][733]LogPlayLevel: Display: Destroying online subsystem :Context_16
[2018.09.14-01.56.54:278][879]LogSlate: FSceneViewport::OnFocusLost() reason 2
[2018.09.14-01.56.55:390][976]LogSlate: FSceneViewport::OnFocusLost() reason 2
[2018.09.14-01.56.55:391][976]LogAssetEditorManager: Opening Asset editor for LevelScriptBlueprint /Game/SandBox/TestMap.TestMap:PersistentLevel.TestMap
[2018.09.14-01.57.55:458][824]LogSlate: Window 'TestMap* - レベルブループリントエディタ' being destroyed
[2018.09.14-01.58.42:854][425]LogSavePackage: Moving '../../../../../../Users/136-i7_6700-02/Documents/Unreal Projects/MaidWars/Saved/TestMap52E85BAE4CAEBEF119958D9E43EFB5DE.tmp' to '../../../../../../Users/136-i7_6700-02/Documents/Unreal Projects/MaidWars/Content/SandBox/TestMap.umap'
[2018.09.14-01.58.42:884][425]LogFileHelpers: Saving map 'TestMap' took 0.258
[2018.09.14-01.58.43:213][455]BlueprintLog: New page: TestMap をコンパイル
[2018.09.14-01.58.45:474][688]LogTemp: Repeating last play command: 選択ビューポート
[2018.09.14-01.58.45:496][688]LogBlueprintUserMessages: Early PlayInEditor Detection: Level '/Game/SandBox/TestMap.TestMap:PersistentLevel' has LevelScriptBlueprint '/Game/SandBox/TestMap.TestMap:PersistentLevel.TestMap' with GeneratedClass '/Game/SandBox/TestMap.TestMap_C' with ClassGeneratedBy '/Game/SandBox/TestMap.TestMap:PersistentLevel.TestMap'
[2018.09.14-01.58.45:496][688]LogPlayLevel: PlayLevel: No blueprints needed recompiling
[2018.09.14-01.58.45:496][688]PIE: New page: PIEセッション: TestMap (2018/09/14 19:58:45)
[2018.09.14-01.58.45:496][688]LogPlayLevel: Creating play world package: /Game/SandBox/UEDPIE_0_TestMap
[2018.09.14-01.58.45:505][688]LogPlayLevel: PIE: StaticDuplicateObject took: (0.009269s)
[2018.09.14-01.58.45:506][688]LogAIModule: Creating AISystem for world TestMap
[2018.09.14-01.58.45:507][688]LogPlayLevel: PIE: World Init took: (0.001374s)
[2018.09.14-01.58.45:507][688]LogPlayLevel: PIE: Created PIE world by copying editor world from /Game/SandBox/TestMap.TestMap to /Game/SandBox/UEDPIE_0_TestMap.TestMap (0.010798s)
[2018.09.14-01.58.45:566][688]LogInit: XAudio2 using 'ASUS PB279 (インテル(R) ディスプレイ用オーディオ)' : 2 channels at 48 kHz using 16 bits per sample (channel mask 0x3)
[2018.09.14-01.58.45:570][688]LogInit: FAudioDevice initialized.
[2018.09.14-01.58.45:604][688]LogLoad: Game class is 'BP_MaidGamemode_C'
[2018.09.14-01.58.45:607][688]LogWorld: Bringing World /Game/SandBox/UEDPIE_0_TestMap.TestMap up for play (max tick rate 0) at 2018.09.14-10.58.45
[2018.09.14-01.58.45:608][688]LogWorld: Bringing up level for play took: 0.001480
[2018.09.14-01.58.45:621][688]LogGameMode: Display: Match State Changed from EnteringMap to WaitingToStart
[2018.09.14-01.58.45:621][688]LogGameState: Match State Changed from EnteringMap to WaitingToStart
[2018.09.14-01.58.45:621][688]LogGameMode: Display: Match State Changed from WaitingToStart to InProgress
[2018.09.14-01.58.45:629][688]LogGameState: Match State Changed from WaitingToStart to InProgress
[2018.09.14-01.58.45:629][688]PIE: /Game/SandBox/UEDPIE_0_TestMap 0.827のプレイ イン エディタの開始時間
[2018.09.14-01.58.45:630][688]LogBlueprintUserMessages: Late PlayInEditor Detection: Level '/Game/SandBox/TestMap.TestMap:PersistentLevel' has LevelScriptBlueprint '/Game/SandBox/TestMap.TestMap:PersistentLevel.TestMap' with GeneratedClass '/Game/SandBox/TestMap.TestMap_C' with ClassGeneratedBy '/Game/SandBox/TestMap.TestMap:PersistentLevel.TestMap'
[2018.09.14-01.58.53:604][634]LogBlueprintUserMessages: Early EndPlayMap Detection: Level '/Game/SandBox/TestMap.TestMap:PersistentLevel' has LevelScriptBlueprint '/Game/SandBox/TestMap.TestMap:PersistentLevel.TestMap' with GeneratedClass '/Game/SandBox/TestMap.TestMap_C' with ClassGeneratedBy '/Game/SandBox/TestMap.TestMap:PersistentLevel.TestMap'
[2018.09.14-01.58.53:604][634]LogSlate: Updating window title bar state: overlay mode, drag disabled, window buttons hidden, title bar hidden
[2018.09.14-01.58.53:642][634]LogPlayLevel: Display: Shutting down PIE online subsystems
[2018.09.14-01.58.53:642][634]LogBlueprintUserMessages: Late EndPlayMap Detection: Level '/Game/SandBox/TestMap.TestMap:PersistentLevel' has LevelScriptBlueprint '/Game/SandBox/TestMap.TestMap:PersistentLevel.TestMap' with GeneratedClass '/Game/SandBox/TestMap.TestMap_C' with ClassGeneratedBy '/Game/SandBox/TestMap.TestMap:PersistentLevel.TestMap'
[2018.09.14-01.58.53:696][634]LogSlate: Updating window title bar state: overlay mode, drag disabled, window buttons hidden, title bar hidden
[2018.09.14-01.58.53:712][635]LogPlayLevel: Display: Destroying online subsystem :Context_19
[2018.09.14-01.58.54:734][754]LogSlate: FSceneViewport::OnFocusLost() reason 0
[2018.09.14-01.59.40:795][641]Cmd: OBJ SAVEPACKAGE PACKAGE="/Game/Character/BP_Owner" FILE="../../../../../../Users/136-i7_6700-02/Documents/Unreal Projects/MaidWars/Content/Character/BP_Owner.uasset" SILENT=true
[2018.09.14-01.59.40:862][641]LogSavePackage: Moving '../../../../../../Users/136-i7_6700-02/Documents/Unreal Projects/MaidWars/Saved/BP_Owner2B63B3904BCA09E79B94949D8AC32F2F.tmp' to '../../../../../../Users/136-i7_6700-02/Documents/Unreal Projects/MaidWars/Content/Character/BP_Owner.uasset'
[2018.09.14-01.59.41:794][745]BlueprintLog: New page: BP_Owner をコンパイル
[2018.09.14-01.59.44:232][986]LogTemp: Repeating last play command: 選択ビューポート
[2018.09.14-01.59.44:253][986]LogBlueprintUserMessages: Early PlayInEditor Detection: Level '/Game/SandBox/TestMap.TestMap:PersistentLevel' has LevelScriptBlueprint '/Game/SandBox/TestMap.TestMap:PersistentLevel.TestMap' with GeneratedClass '/Game/SandBox/TestMap.TestMap_C' with ClassGeneratedBy '/Game/SandBox/TestMap.TestMap:PersistentLevel.TestMap'
[2018.09.14-01.59.44:253][986]LogPlayLevel: PlayLevel: No blueprints needed recompiling
[2018.09.14-01.59.44:253][986]PIE: New page: PIEセッション: TestMap (2018/09/14 19:59:44)
[2018.09.14-01.59.44:253][986]LogPlayLevel: Creating play world package: /Game/SandBox/UEDPIE_0_TestMap
[2018.09.14-01.59.44:263][986]LogPlayLevel: PIE: StaticDuplicateObject took: (0.009287s)
[2018.09.14-01.59.44:264][986]LogAIModule: Creating AISystem for world TestMap
[2018.09.14-01.59.44:264][986]LogPlayLevel: PIE: World Init took: (0.000988s)
[2018.09.14-01.59.44:264][986]LogPlayLevel: PIE: Created PIE world by copying editor world from /Game/SandBox/TestMap.TestMap to /Game/SandBox/UEDPIE_0_TestMap.TestMap (0.010477s)
[2018.09.14-01.59.44:293][986]LogInit: XAudio2 using 'ASUS PB279 (インテル(R) ディスプレイ用オーディオ)' : 2 channels at 48 kHz using 16 bits per sample (channel mask 0x3)
[2018.09.14-01.59.44:297][986]LogInit: FAudioDevice initialized.
[2018.09.14-01.59.44:325][986]LogLoad: Game class is 'BP_MaidGamemode_C'
[2018.09.14-01.59.44:326][986]LogWorld: Bringing World /Game/SandBox/UEDPIE_0_TestMap.TestMap up for play (max tick rate 0) at 2018.09.14-10.59.44
[2018.09.14-01.59.44:327][986]LogWorld: Bringing up level for play took: 0.000753
[2018.09.14-01.59.44:339][986]LogGameMode: Display: Match State Changed from EnteringMap to WaitingToStart
[2018.09.14-01.59.44:340][986]LogGameState: Match State Changed from EnteringMap to WaitingToStart
[2018.09.14-01.59.44:340][986]LogGameMode: Display: Match State Changed from WaitingToStart to InProgress
[2018.09.14-01.59.44:342][986]LogGameState: Match State Changed from WaitingToStart to InProgress
[2018.09.14-01.59.44:342][986]PIE: /Game/SandBox/UEDPIE_0_TestMap -0.461のプレイ イン エディタの開始時間
[2018.09.14-01.59.44:342][986]LogBlueprintUserMessages: Late PlayInEditor Detection: Level '/Game/SandBox/TestMap.TestMap:PersistentLevel' has LevelScriptBlueprint '/Game/SandBox/TestMap.TestMap:PersistentLevel.TestMap' with GeneratedClass '/Game/SandBox/TestMap.TestMap_C' with ClassGeneratedBy '/Game/SandBox/TestMap.TestMap:PersistentLevel.TestMap'
[2018.09.14-01.59.47:306][332]LogBlueprintUserMessages: Early EndPlayMap Detection: Level '/Game/SandBox/TestMap.TestMap:PersistentLevel' has LevelScriptBlueprint '/Game/SandBox/TestMap.TestMap:PersistentLevel.TestMap' with GeneratedClass '/Game/SandBox/TestMap.TestMap_C' with ClassGeneratedBy '/Game/SandBox/TestMap.TestMap:PersistentLevel.TestMap'
[2018.09.14-01.59.47:306][332]LogSlate: Updating window title bar state: overlay mode, drag disabled, window buttons hidden, title bar hidden
[2018.09.14-01.59.47:341][332]LogPlayLevel: Display: Shutting down PIE online subsystems
[2018.09.14-01.59.47:342][332]LogBlueprintUserMessages: Late EndPlayMap Detection: Level '/Game/SandBox/TestMap.TestMap:PersistentLevel' has LevelScriptBlueprint '/Game/SandBox/TestMap.TestMap:PersistentLevel.TestMap' with GeneratedClass '/Game/SandBox/TestMap.TestMap_C' with ClassGeneratedBy '/Game/SandBox/TestMap.TestMap:PersistentLevel.TestMap'
[2018.09.14-01.59.47:367][332]LogSlate: Updating window title bar state: overlay mode, drag disabled, window buttons hidden, title bar hidden
[2018.09.14-01.59.47:409][336]LogPlayLevel: Display: Destroying online subsystem :Context_20
[2018.09.14-01.59.55:446][286]LogSlate: FSceneViewport::OnFocusLost() reason 0
[2018.09.14-02.08.53:909][176]LogSavePackage: Moving '../../../../../../Users/136-i7_6700-02/Documents/Unreal Projects/MaidWars/Saved/TestMap_Auto35BF181784DFC17C0061E43A91AF8F187.tmp' to '../../../../../../Users/136-i7_6700-02/Documents/Unreal Projects/MaidWars/Saved/Autosaves/Game/SandBox/TestMap_Auto3.umap'
[2018.09.14-02.08.53:915][176]LogFileHelpers: Editor autosave (incl. sublevels) for '/Game/SandBox/TestMap' took 0.209
[2018.09.14-02.08.53:915][176]LogFileHelpers: Editor autosave (incl. sublevels) for all levels took 0.209
[2018.09.14-02.15.18:662][951]Cmd: OBJ SAVEPACKAGE PACKAGE="/Game/Character/BP_Owner" FILE="../../../../../../Users/136-i7_6700-02/Documents/Unreal Projects/MaidWars/Content/Character/BP_Owner.uasset" SILENT=true
[2018.09.14-02.15.18:717][951]LogSavePackage: Moving '../../../../../../Users/136-i7_6700-02/Documents/Unreal Projects/MaidWars/Saved/BP_OwnerC98BABB74BC4ADF81BF72CA368819BB9.tmp' to '../../../../../../Users/136-i7_6700-02/Documents/Unreal Projects/MaidWars/Content/Character/BP_Owner.uasset'
[2018.09.14-02.15.19:109][995]BlueprintLog: New page: BP_Owner をコンパイル
[2018.09.14-02.19.28:940][258]LogSlate: Window 'コンテンツを保存' being destroyed
[2018.09.14-02.19.28:969][258]Cmd: OBJ SAVEPACKAGE PACKAGE="/Game/Character/BP_Owner" FILE="../../../../../../Users/136-i7_6700-02/Documents/Unreal Projects/MaidWars/Content/Character/BP_Owner.uasset" SILENT=true
[2018.09.14-02.19.29:021][258]LogSavePackage: Moving '../../../../../../Users/136-i7_6700-02/Documents/Unreal Projects/MaidWars/Saved/BP_Owner7A1729F943505D17F97589B78FE83596.tmp' to '../../../../../../Users/136-i7_6700-02/Documents/Unreal Projects/MaidWars/Content/Character/BP_Owner.uasset'
[2018.09.14-02.19.29:278][258]LogSavePackage: Moving '../../../../../../Users/136-i7_6700-02/Documents/Unreal Projects/MaidWars/Saved/TestMap0C3E286A43CE1102B701EE89BB455648.tmp' to '../../../../../../Users/136-i7_6700-02/Documents/Unreal Projects/MaidWars/Content/SandBox/TestMap.umap'
[2018.09.14-02.19.29:311][258]LogFileHelpers: Saving map 'TestMap' took 0.273
